{"/home/ansible/epics/bConnect-MCP/bconnect-endpoints-mcp/vitest.config.ts": {"path":"/home/ansible/epics/bConnect-MCP/bconnect-endpoints-mcp/vitest.config.ts","all":true,"statementMap":{"0":{"start":{"line":1,"column":0},"end":{"line":1,"column":45}},"2":{"start":{"line":3,"column":0},"end":{"line":3,"column":29}},"3":{"start":{"line":4,"column":0},"end":{"line":4,"column":9}},"6":{"start":{"line":7,"column":0},"end":{"line":7,"column":77}},"7":{"start":{"line":8,"column":0},"end":{"line":8,"column":10}},"8":{"start":{"line":9,"column":0},"end":{"line":9,"column":23}},"9":{"start":{"line":10,"column":0},"end":{"line":10,"column":20}},"10":{"start":{"line":11,"column":0},"end":{"line":11,"column":6}},"11":{"start":{"line":12,"column":0},"end":{"line":12,"column":15}},"12":{"start":{"line":13,"column":0},"end":{"line":13,"column":21}},"13":{"start":{"line":14,"column":0},"end":{"line":14,"column":41}},"14":{"start":{"line":15,"column":0},"end":{"line":15,"column":16}},"15":{"start":{"line":16,"column":0},"end":{"line":16,"column":24}},"16":{"start":{"line":17,"column":0},"end":{"line":17,"column":27}},"17":{"start":{"line":18,"column":0},"end":{"line":18,"column":27}},"18":{"start":{"line":19,"column":0},"end":{"line":19,"column":20}},"19":{"start":{"line":20,"column":0},"end":{"line":20,"column":19}},"20":{"start":{"line":21,"column":0},"end":{"line":21,"column":23}},"21":{"start":{"line":22,"column":0},"end":{"line":22,"column":8}},"22":{"start":{"line":23,"column":0},"end":{"line":23,"column":19}},"23":{"start":{"line":24,"column":0},"end":{"line":24,"column":23}},"24":{"start":{"line":25,"column":0},"end":{"line":25,"column":18}},"25":{"start":{"line":26,"column":0},"end":{"line":26,"column":7}},"26":{"start":{"line":27,"column":0},"end":{"line":27,"column":5}},"27":{"start":{"line":28,"column":0},"end":{"line":28,"column":3}},"28":{"start":{"line":29,"column":0},"end":{"line":29,"column":3}}},"s":{"0":0,"2":0,"3":0,"6":0,"7":0,"8":0,"9":0,"10":0,"11":0,"12":0,"13":0,"14":0,"15":0,"16":0,"17":0,"18":0,"19":0,"20":0,"21":0,"22":0,"23":0,"24":0,"25":0,"26":0,"27":0,"28":0},"branchMap":{"0":{"type":"branch","line":1,"loc":{"start":{"line":1,"column":724},"end":{"line":29,"column":3}},"locations":[{"start":{"line":1,"column":724},"end":{"line":29,"column":3}}]}},"b":{"0":[0]},"fnMap":{"0":{"name":"(empty-report)","decl":{"start":{"line":1,"column":724},"end":{"line":29,"column":3}},"loc":{"start":{"line":1,"column":724},"end":{"line":29,"column":3}},"line":1}},"f":{"0":0}}
,"/home/ansible/epics/bConnect-MCP/bconnect-endpoints-mcp/vitest.mock.config.ts": {"path":"/home/ansible/epics/bConnect-MCP/bconnect-endpoints-mcp/vitest.mock.config.ts","all":true,"statementMap":{"0":{"start":{"line":1,"column":0},"end":{"line":1,"column":45}},"6":{"start":{"line":7,"column":0},"end":{"line":7,"column":29}},"7":{"start":{"line":8,"column":0},"end":{"line":8,"column":9}},"8":{"start":{"line":9,"column":0},"end":{"line":9,"column":61}},"9":{"start":{"line":10,"column":0},"end":{"line":10,"column":46}},"10":{"start":{"line":11,"column":0},"end":{"line":11,"column":23}},"11":{"start":{"line":12,"column":0},"end":{"line":12,"column":4}},"12":{"start":{"line":13,"column":0},"end":{"line":13,"column":3}}},"s":{"0":0,"6":0,"7":0,"8":0,"9":0,"10":0,"11":0,"12":0},"branchMap":{"0":{"type":"branch","line":1,"loc":{"start":{"line":1,"column":499},"end":{"line":13,"column":3}},"locations":[{"start":{"line":1,"column":499},"end":{"line":13,"column":3}}]}},"b":{"0":[0]},"fnMap":{"0":{"name":"(empty-report)","decl":{"start":{"line":1,"column":499},"end":{"line":13,"column":3}},"loc":{"start":{"line":1,"column":499},"end":{"line":13,"column":3}},"line":1}},"f":{"0":0}}
,"/home/ansible/epics/bConnect-MCP/bconnect-endpoints-mcp/src/bconnect-client.ts": {"path":"/home/ansible/epics/bConnect-MCP/bconnect-endpoints-mcp/src/bconnect-client.ts","all":false,"statementMap":{"7":{"start":{"line":8,"column":0},"end":{"line":8,"column":85}},"8":{"start":{"line":9,"column":0},"end":{"line":9,"column":37}},"9":{"start":{"line":10,"column":0},"end":{"line":10,"column":26}},"10":{"start":{"line":11,"column":0},"end":{"line":11,"column":89}},"11":{"start":{"line":12,"column":0},"end":{"line":12,"column":81}},"12":{"start":{"line":13,"column":0},"end":{"line":13,"column":58}},"13":{"start":{"line":14,"column":0},"end":{"line":14,"column":123}},"14":{"start":{"line":15,"column":0},"end":{"line":15,"column":57}},"73":{"start":{"line":74,"column":0},"end":{"line":74,"column":29}},"74":{"start":{"line":75,"column":0},"end":{"line":75,"column":47}},"75":{"start":{"line":76,"column":0},"end":{"line":76,"column":49}},"76":{"start":{"line":77,"column":0},"end":{"line":77,"column":33}},"77":{"start":{"line":78,"column":0},"end":{"line":78,"column":49}},"78":{"start":{"line":79,"column":0},"end":{"line":79,"column":49}},"79":{"start":{"line":80,"column":0},"end":{"line":80,"column":53}},"80":{"start":{"line":81,"column":0},"end":{"line":81,"column":57}},"82":{"start":{"line":83,"column":0},"end":{"line":83,"column":36}},"84":{"start":{"line":85,"column":0},"end":{"line":85,"column":39}},"85":{"start":{"line":86,"column":0},"end":{"line":86,"column":25}},"88":{"start":{"line":89,"column":0},"end":{"line":89,"column":51}},"90":{"start":{"line":91,"column":0},"end":{"line":91,"column":62}},"93":{"start":{"line":94,"column":0},"end":{"line":94,"column":42}},"96":{"start":{"line":97,"column":0},"end":{"line":97,"column":48}},"97":{"start":{"line":98,"column":0},"end":{"line":98,"column":45}},"98":{"start":{"line":99,"column":0},"end":{"line":99,"column":66}},"101":{"start":{"line":102,"column":0},"end":{"line":102,"column":93}},"102":{"start":{"line":103,"column":0},"end":{"line":103,"column":6}},"106":{"start":{"line":107,"column":0},"end":{"line":107,"column":30}},"107":{"start":{"line":108,"column":0},"end":{"line":108,"column":30}},"108":{"start":{"line":109,"column":0},"end":{"line":109,"column":39}},"109":{"start":{"line":110,"column":0},"end":{"line":110,"column":16}},"110":{"start":{"line":111,"column":0},"end":{"line":111,"column":43}},"111":{"start":{"line":112,"column":0},"end":{"line":112,"column":36}},"112":{"start":{"line":113,"column":0},"end":{"line":113,"column":7}},"113":{"start":{"line":114,"column":0},"end":{"line":114,"column":6}},"116":{"start":{"line":117,"column":0},"end":{"line":117,"column":36}},"117":{"start":{"line":118,"column":0},"end":{"line":118,"column":66}},"118":{"start":{"line":119,"column":0},"end":{"line":119,"column":5}},"120":{"start":{"line":121,"column":0},"end":{"line":121,"column":44}},"123":{"start":{"line":124,"column":0},"end":{"line":124,"column":99}},"124":{"start":{"line":125,"column":0},"end":{"line":125,"column":32}},"125":{"start":{"line":126,"column":0},"end":{"line":126,"column":25}},"126":{"start":{"line":127,"column":0},"end":{"line":127,"column":39}},"127":{"start":{"line":128,"column":0},"end":{"line":128,"column":16}},"128":{"start":{"line":129,"column":0},"end":{"line":129,"column":43}},"129":{"start":{"line":130,"column":0},"end":{"line":130,"column":36}},"130":{"start":{"line":131,"column":0},"end":{"line":131,"column":7}},"131":{"start":{"line":132,"column":0},"end":{"line":132,"column":6}},"134":{"start":{"line":135,"column":0},"end":{"line":135,"column":36}},"135":{"start":{"line":136,"column":0},"end":{"line":136,"column":68}},"136":{"start":{"line":137,"column":0},"end":{"line":137,"column":5}},"138":{"start":{"line":139,"column":0},"end":{"line":139,"column":48}},"141":{"start":{"line":142,"column":0},"end":{"line":142,"column":21}},"144":{"start":{"line":145,"column":0},"end":{"line":145,"column":29}},"145":{"start":{"line":146,"column":0},"end":{"line":146,"column":83}},"146":{"start":{"line":147,"column":0},"end":{"line":147,"column":35}},"148":{"start":{"line":149,"column":0},"end":{"line":149,"column":51}},"149":{"start":{"line":150,"column":0},"end":{"line":150,"column":55}},"150":{"start":{"line":151,"column":0},"end":{"line":151,"column":8}},"151":{"start":{"line":152,"column":0},"end":{"line":152,"column":46}},"153":{"start":{"line":154,"column":0},"end":{"line":154,"column":30}},"154":{"start":{"line":155,"column":0},"end":{"line":155,"column":22}},"155":{"start":{"line":156,"column":0},"end":{"line":156,"column":9}},"157":{"start":{"line":158,"column":0},"end":{"line":158,"column":45}},"160":{"start":{"line":161,"column":0},"end":{"line":161,"column":44}},"161":{"start":{"line":162,"column":0},"end":{"line":162,"column":22}},"162":{"start":{"line":163,"column":0},"end":{"line":163,"column":9}},"165":{"start":{"line":166,"column":0},"end":{"line":166,"column":29}},"166":{"start":{"line":167,"column":0},"end":{"line":167,"column":22}},"167":{"start":{"line":168,"column":0},"end":{"line":168,"column":9}},"170":{"start":{"line":171,"column":0},"end":{"line":171,"column":21}},"171":{"start":{"line":172,"column":0},"end":{"line":172,"column":8}},"172":{"start":{"line":173,"column":0},"end":{"line":173,"column":7}},"175":{"start":{"line":176,"column":0},"end":{"line":176,"column":31}},"176":{"start":{"line":177,"column":0},"end":{"line":177,"column":38}},"177":{"start":{"line":178,"column":0},"end":{"line":178,"column":35}},"178":{"start":{"line":179,"column":0},"end":{"line":179,"column":51}},"179":{"start":{"line":180,"column":0},"end":{"line":180,"column":55}},"180":{"start":{"line":181,"column":0},"end":{"line":181,"column":8}},"181":{"start":{"line":182,"column":0},"end":{"line":182,"column":46}},"182":{"start":{"line":183,"column":0},"end":{"line":183,"column":41}},"183":{"start":{"line":184,"column":0},"end":{"line":184,"column":45}},"184":{"start":{"line":185,"column":0},"end":{"line":185,"column":55}},"185":{"start":{"line":186,"column":0},"end":{"line":186,"column":40}},"186":{"start":{"line":187,"column":0},"end":{"line":187,"column":21}},"187":{"start":{"line":188,"column":0},"end":{"line":188,"column":8}},"188":{"start":{"line":189,"column":0},"end":{"line":189,"column":7}},"191":{"start":{"line":192,"column":0},"end":{"line":192,"column":36}},"192":{"start":{"line":193,"column":0},"end":{"line":193,"column":42}},"193":{"start":{"line":194,"column":0},"end":{"line":194,"column":57}},"194":{"start":{"line":195,"column":0},"end":{"line":195,"column":53}},"195":{"start":{"line":196,"column":0},"end":{"line":196,"column":22}},"196":{"start":{"line":197,"column":0},"end":{"line":197,"column":42}},"197":{"start":{"line":198,"column":0},"end":{"line":198,"column":9}},"200":{"start":{"line":201,"column":0},"end":{"line":201,"column":43}},"201":{"start":{"line":202,"column":0},"end":{"line":202,"column":56}},"202":{"start":{"line":203,"column":0},"end":{"line":203,"column":33}},"203":{"start":{"line":204,"column":0},"end":{"line":204,"column":64}},"204":{"start":{"line":205,"column":0},"end":{"line":205,"column":41}},"205":{"start":{"line":206,"column":0},"end":{"line":206,"column":39}},"206":{"start":{"line":207,"column":0},"end":{"line":207,"column":53}},"207":{"start":{"line":208,"column":0},"end":{"line":208,"column":29}},"208":{"start":{"line":209,"column":0},"end":{"line":209,"column":16}},"209":{"start":{"line":210,"column":0},"end":{"line":210,"column":13}},"211":{"start":{"line":212,"column":0},"end":{"line":212,"column":67}},"212":{"start":{"line":213,"column":0},"end":{"line":213,"column":11}},"213":{"start":{"line":214,"column":0},"end":{"line":214,"column":31}},"214":{"start":{"line":215,"column":0},"end":{"line":215,"column":10}},"215":{"start":{"line":216,"column":0},"end":{"line":216,"column":40}},"216":{"start":{"line":217,"column":0},"end":{"line":217,"column":8}},"219":{"start":{"line":220,"column":0},"end":{"line":220,"column":45}},"220":{"start":{"line":221,"column":0},"end":{"line":221,"column":56}},"221":{"start":{"line":222,"column":0},"end":{"line":222,"column":33}},"222":{"start":{"line":223,"column":0},"end":{"line":223,"column":64}},"223":{"start":{"line":224,"column":0},"end":{"line":224,"column":41}},"224":{"start":{"line":225,"column":0},"end":{"line":225,"column":39}},"225":{"start":{"line":226,"column":0},"end":{"line":226,"column":53}},"226":{"start":{"line":227,"column":0},"end":{"line":227,"column":29}},"227":{"start":{"line":228,"column":0},"end":{"line":228,"column":16}},"228":{"start":{"line":229,"column":0},"end":{"line":229,"column":13}},"230":{"start":{"line":231,"column":0},"end":{"line":231,"column":67}},"231":{"start":{"line":232,"column":0},"end":{"line":232,"column":11}},"232":{"start":{"line":233,"column":0},"end":{"line":233,"column":31}},"233":{"start":{"line":234,"column":0},"end":{"line":234,"column":10}},"234":{"start":{"line":235,"column":0},"end":{"line":235,"column":40}},"235":{"start":{"line":236,"column":0},"end":{"line":236,"column":8}},"236":{"start":{"line":237,"column":0},"end":{"line":237,"column":5}},"239":{"start":{"line":240,"column":0},"end":{"line":240,"column":69}},"240":{"start":{"line":241,"column":0},"end":{"line":241,"column":42}},"241":{"start":{"line":242,"column":0},"end":{"line":242,"column":37}},"242":{"start":{"line":243,"column":0},"end":{"line":243,"column":47}},"243":{"start":{"line":244,"column":0},"end":{"line":244,"column":61}},"244":{"start":{"line":245,"column":0},"end":{"line":245,"column":47}},"245":{"start":{"line":246,"column":0},"end":{"line":246,"column":9}},"248":{"start":{"line":249,"column":0},"end":{"line":249,"column":43}},"249":{"start":{"line":250,"column":0},"end":{"line":250,"column":56}},"250":{"start":{"line":251,"column":0},"end":{"line":251,"column":33}},"251":{"start":{"line":252,"column":0},"end":{"line":252,"column":72}},"252":{"start":{"line":253,"column":0},"end":{"line":253,"column":49}},"253":{"start":{"line":254,"column":0},"end":{"line":254,"column":70}},"254":{"start":{"line":255,"column":0},"end":{"line":255,"column":80}},"256":{"start":{"line":257,"column":0},"end":{"line":257,"column":64}},"257":{"start":{"line":258,"column":0},"end":{"line":258,"column":11}},"258":{"start":{"line":259,"column":0},"end":{"line":259,"column":31}},"259":{"start":{"line":260,"column":0},"end":{"line":260,"column":10}},"260":{"start":{"line":261,"column":0},"end":{"line":261,"column":40}},"261":{"start":{"line":262,"column":0},"end":{"line":262,"column":8}},"264":{"start":{"line":265,"column":0},"end":{"line":265,"column":45}},"265":{"start":{"line":266,"column":0},"end":{"line":266,"column":56}},"266":{"start":{"line":267,"column":0},"end":{"line":267,"column":33}},"267":{"start":{"line":268,"column":0},"end":{"line":268,"column":72}},"268":{"start":{"line":269,"column":0},"end":{"line":269,"column":49}},"269":{"start":{"line":270,"column":0},"end":{"line":270,"column":70}},"270":{"start":{"line":271,"column":0},"end":{"line":271,"column":80}},"272":{"start":{"line":273,"column":0},"end":{"line":273,"column":64}},"273":{"start":{"line":274,"column":0},"end":{"line":274,"column":11}},"274":{"start":{"line":275,"column":0},"end":{"line":275,"column":31}},"275":{"start":{"line":276,"column":0},"end":{"line":276,"column":10}},"276":{"start":{"line":277,"column":0},"end":{"line":277,"column":40}},"277":{"start":{"line":278,"column":0},"end":{"line":278,"column":8}},"278":{"start":{"line":279,"column":0},"end":{"line":279,"column":5}},"281":{"start":{"line":282,"column":0},"end":{"line":282,"column":32}},"282":{"start":{"line":283,"column":0},"end":{"line":283,"column":46}},"283":{"start":{"line":284,"column":0},"end":{"line":284,"column":22}},"284":{"start":{"line":285,"column":0},"end":{"line":285,"column":38}},"285":{"start":{"line":286,"column":0},"end":{"line":286,"column":30}},"286":{"start":{"line":287,"column":0},"end":{"line":287,"column":38}},"287":{"start":{"line":288,"column":0},"end":{"line":288,"column":9}},"290":{"start":{"line":291,"column":0},"end":{"line":291,"column":43}},"291":{"start":{"line":292,"column":0},"end":{"line":292,"column":56}},"292":{"start":{"line":293,"column":0},"end":{"line":293,"column":35}},"293":{"start":{"line":294,"column":0},"end":{"line":294,"column":72}},"294":{"start":{"line":295,"column":0},"end":{"line":295,"column":48}},"295":{"start":{"line":296,"column":0},"end":{"line":296,"column":48}},"298":{"start":{"line":299,"column":0},"end":{"line":299,"column":79}},"299":{"start":{"line":300,"column":0},"end":{"line":300,"column":33}},"301":{"start":{"line":302,"column":0},"end":{"line":302,"column":71}},"302":{"start":{"line":303,"column":0},"end":{"line":303,"column":13}},"303":{"start":{"line":304,"column":0},"end":{"line":304,"column":11}},"304":{"start":{"line":305,"column":0},"end":{"line":305,"column":31}},"305":{"start":{"line":306,"column":0},"end":{"line":306,"column":10}},"306":{"start":{"line":307,"column":0},"end":{"line":307,"column":40}},"307":{"start":{"line":308,"column":0},"end":{"line":308,"column":8}},"310":{"start":{"line":311,"column":0},"end":{"line":311,"column":45}},"311":{"start":{"line":312,"column":0},"end":{"line":312,"column":56}},"312":{"start":{"line":313,"column":0},"end":{"line":313,"column":35}},"313":{"start":{"line":314,"column":0},"end":{"line":314,"column":72}},"314":{"start":{"line":315,"column":0},"end":{"line":315,"column":48}},"315":{"start":{"line":316,"column":0},"end":{"line":316,"column":48}},"318":{"start":{"line":319,"column":0},"end":{"line":319,"column":79}},"319":{"start":{"line":320,"column":0},"end":{"line":320,"column":33}},"321":{"start":{"line":322,"column":0},"end":{"line":322,"column":71}},"322":{"start":{"line":323,"column":0},"end":{"line":323,"column":13}},"323":{"start":{"line":324,"column":0},"end":{"line":324,"column":11}},"324":{"start":{"line":325,"column":0},"end":{"line":325,"column":31}},"325":{"start":{"line":326,"column":0},"end":{"line":326,"column":10}},"326":{"start":{"line":327,"column":0},"end":{"line":327,"column":40}},"327":{"start":{"line":328,"column":0},"end":{"line":328,"column":8}},"328":{"start":{"line":329,"column":0},"end":{"line":329,"column":5}},"331":{"start":{"line":332,"column":0},"end":{"line":332,"column":23}},"332":{"start":{"line":333,"column":0},"end":{"line":333,"column":50}},"333":{"start":{"line":334,"column":0},"end":{"line":334,"column":46}},"334":{"start":{"line":335,"column":0},"end":{"line":335,"column":46}},"335":{"start":{"line":336,"column":0},"end":{"line":336,"column":38}},"336":{"start":{"line":337,"column":0},"end":{"line":337,"column":44}},"337":{"start":{"line":338,"column":0},"end":{"line":338,"column":9}},"338":{"start":{"line":339,"column":0},"end":{"line":339,"column":5}},"341":{"start":{"line":342,"column":0},"end":{"line":342,"column":54}},"344":{"start":{"line":345,"column":0},"end":{"line":345,"column":42}},"345":{"start":{"line":346,"column":0},"end":{"line":346,"column":21}},"347":{"start":{"line":348,"column":0},"end":{"line":348,"column":52}},"348":{"start":{"line":349,"column":0},"end":{"line":349,"column":75}},"349":{"start":{"line":350,"column":0},"end":{"line":350,"column":31}},"351":{"start":{"line":352,"column":0},"end":{"line":352,"column":43}},"352":{"start":{"line":353,"column":0},"end":{"line":353,"column":48}},"353":{"start":{"line":354,"column":0},"end":{"line":354,"column":28}},"354":{"start":{"line":355,"column":0},"end":{"line":355,"column":11}},"357":{"start":{"line":358,"column":0},"end":{"line":358,"column":72}},"358":{"start":{"line":359,"column":0},"end":{"line":359,"column":48}},"359":{"start":{"line":360,"column":0},"end":{"line":360,"column":48}},"361":{"start":{"line":362,"column":0},"end":{"line":362,"column":64}},"362":{"start":{"line":363,"column":0},"end":{"line":363,"column":71}},"363":{"start":{"line":364,"column":0},"end":{"line":364,"column":49}},"364":{"start":{"line":365,"column":0},"end":{"line":365,"column":11}},"367":{"start":{"line":368,"column":0},"end":{"line":368,"column":68}},"369":{"start":{"line":370,"column":0},"end":{"line":370,"column":100}},"370":{"start":{"line":371,"column":0},"end":{"line":371,"column":63}},"371":{"start":{"line":372,"column":0},"end":{"line":372,"column":11}},"372":{"start":{"line":373,"column":0},"end":{"line":373,"column":9}},"375":{"start":{"line":376,"column":0},"end":{"line":376,"column":50}},"376":{"start":{"line":377,"column":0},"end":{"line":377,"column":73}},"377":{"start":{"line":378,"column":0},"end":{"line":378,"column":30}},"378":{"start":{"line":379,"column":0},"end":{"line":379,"column":83}},"379":{"start":{"line":380,"column":0},"end":{"line":380,"column":91}},"380":{"start":{"line":381,"column":0},"end":{"line":381,"column":105}},"381":{"start":{"line":382,"column":0},"end":{"line":382,"column":11}},"382":{"start":{"line":383,"column":0},"end":{"line":383,"column":9}},"385":{"start":{"line":386,"column":0},"end":{"line":386,"column":50}},"386":{"start":{"line":387,"column":0},"end":{"line":387,"column":72}},"387":{"start":{"line":388,"column":0},"end":{"line":388,"column":49}},"388":{"start":{"line":389,"column":0},"end":{"line":389,"column":45}},"389":{"start":{"line":390,"column":0},"end":{"line":390,"column":84}},"390":{"start":{"line":391,"column":0},"end":{"line":391,"column":76}},"391":{"start":{"line":392,"column":0},"end":{"line":392,"column":9}},"393":{"start":{"line":394,"column":0},"end":{"line":394,"column":24}},"394":{"start":{"line":395,"column":0},"end":{"line":395,"column":8}},"395":{"start":{"line":396,"column":0},"end":{"line":396,"column":30}},"396":{"start":{"line":397,"column":0},"end":{"line":397,"column":39}},"397":{"start":{"line":398,"column":0},"end":{"line":398,"column":7}},"398":{"start":{"line":399,"column":0},"end":{"line":399,"column":6}},"401":{"start":{"line":402,"column":0},"end":{"line":402,"column":44}},"402":{"start":{"line":403,"column":0},"end":{"line":403,"column":21}},"404":{"start":{"line":405,"column":0},"end":{"line":405,"column":52}},"405":{"start":{"line":406,"column":0},"end":{"line":406,"column":75}},"406":{"start":{"line":407,"column":0},"end":{"line":407,"column":31}},"408":{"start":{"line":409,"column":0},"end":{"line":409,"column":43}},"409":{"start":{"line":410,"column":0},"end":{"line":410,"column":48}},"410":{"start":{"line":411,"column":0},"end":{"line":411,"column":28}},"411":{"start":{"line":412,"column":0},"end":{"line":412,"column":11}},"414":{"start":{"line":415,"column":0},"end":{"line":415,"column":72}},"415":{"start":{"line":416,"column":0},"end":{"line":416,"column":48}},"416":{"start":{"line":417,"column":0},"end":{"line":417,"column":48}},"418":{"start":{"line":419,"column":0},"end":{"line":419,"column":64}},"419":{"start":{"line":420,"column":0},"end":{"line":420,"column":71}},"420":{"start":{"line":421,"column":0},"end":{"line":421,"column":49}},"421":{"start":{"line":422,"column":0},"end":{"line":422,"column":11}},"424":{"start":{"line":425,"column":0},"end":{"line":425,"column":68}},"426":{"start":{"line":427,"column":0},"end":{"line":427,"column":100}},"427":{"start":{"line":428,"column":0},"end":{"line":428,"column":63}},"428":{"start":{"line":429,"column":0},"end":{"line":429,"column":11}},"429":{"start":{"line":430,"column":0},"end":{"line":430,"column":9}},"432":{"start":{"line":433,"column":0},"end":{"line":433,"column":50}},"433":{"start":{"line":434,"column":0},"end":{"line":434,"column":73}},"434":{"start":{"line":435,"column":0},"end":{"line":435,"column":30}},"435":{"start":{"line":436,"column":0},"end":{"line":436,"column":83}},"436":{"start":{"line":437,"column":0},"end":{"line":437,"column":91}},"437":{"start":{"line":438,"column":0},"end":{"line":438,"column":105}},"438":{"start":{"line":439,"column":0},"end":{"line":439,"column":11}},"439":{"start":{"line":440,"column":0},"end":{"line":440,"column":9}},"442":{"start":{"line":443,"column":0},"end":{"line":443,"column":50}},"443":{"start":{"line":444,"column":0},"end":{"line":444,"column":72}},"444":{"start":{"line":445,"column":0},"end":{"line":445,"column":49}},"445":{"start":{"line":446,"column":0},"end":{"line":446,"column":45}},"446":{"start":{"line":447,"column":0},"end":{"line":447,"column":84}},"447":{"start":{"line":448,"column":0},"end":{"line":448,"column":76}},"448":{"start":{"line":449,"column":0},"end":{"line":449,"column":9}},"450":{"start":{"line":451,"column":0},"end":{"line":451,"column":24}},"451":{"start":{"line":452,"column":0},"end":{"line":452,"column":8}},"452":{"start":{"line":453,"column":0},"end":{"line":453,"column":30}},"453":{"start":{"line":454,"column":0},"end":{"line":454,"column":39}},"454":{"start":{"line":455,"column":0},"end":{"line":455,"column":7}},"455":{"start":{"line":456,"column":0},"end":{"line":456,"column":6}},"459":{"start":{"line":460,"column":0},"end":{"line":460,"column":3}},"464":{"start":{"line":465,"column":0},"end":{"line":465,"column":23}},"465":{"start":{"line":466,"column":0},"end":{"line":466,"column":29}},"466":{"start":{"line":467,"column":0},"end":{"line":467,"column":76}},"467":{"start":{"line":468,"column":0},"end":{"line":468,"column":78}},"468":{"start":{"line":469,"column":0},"end":{"line":469,"column":12}},"469":{"start":{"line":470,"column":0},"end":{"line":470,"column":37}},"470":{"start":{"line":471,"column":0},"end":{"line":471,"column":57}},"471":{"start":{"line":472,"column":0},"end":{"line":472,"column":27}},"472":{"start":{"line":473,"column":0},"end":{"line":473,"column":83}},"473":{"start":{"line":474,"column":0},"end":{"line":474,"column":85}},"474":{"start":{"line":475,"column":0},"end":{"line":475,"column":5}},"475":{"start":{"line":476,"column":0},"end":{"line":476,"column":3}},"480":{"start":{"line":481,"column":0},"end":{"line":481,"column":51}},"482":{"start":{"line":483,"column":0},"end":{"line":483,"column":43}},"483":{"start":{"line":484,"column":0},"end":{"line":484,"column":65}},"484":{"start":{"line":485,"column":0},"end":{"line":485,"column":42}},"485":{"start":{"line":486,"column":0},"end":{"line":486,"column":77}},"486":{"start":{"line":487,"column":0},"end":{"line":487,"column":64}},"487":{"start":{"line":488,"column":0},"end":{"line":488,"column":5}},"490":{"start":{"line":491,"column":0},"end":{"line":491,"column":42}},"491":{"start":{"line":492,"column":0},"end":{"line":492,"column":22}},"492":{"start":{"line":493,"column":0},"end":{"line":493,"column":66}},"493":{"start":{"line":494,"column":0},"end":{"line":494,"column":63}},"494":{"start":{"line":495,"column":0},"end":{"line":495,"column":8}},"495":{"start":{"line":496,"column":0},"end":{"line":496,"column":5}},"497":{"start":{"line":498,"column":0},"end":{"line":498,"column":25}},"499":{"start":{"line":500,"column":0},"end":{"line":500,"column":43}},"500":{"start":{"line":501,"column":0},"end":{"line":501,"column":59}},"502":{"start":{"line":503,"column":0},"end":{"line":503,"column":23}},"503":{"start":{"line":504,"column":0},"end":{"line":504,"column":17}},"504":{"start":{"line":505,"column":0},"end":{"line":505,"column":26}},"505":{"start":{"line":506,"column":0},"end":{"line":506,"column":91}},"506":{"start":{"line":507,"column":0},"end":{"line":507,"column":12}},"507":{"start":{"line":508,"column":0},"end":{"line":508,"column":17}},"508":{"start":{"line":509,"column":0},"end":{"line":509,"column":26}},"509":{"start":{"line":510,"column":0},"end":{"line":510,"column":73}},"510":{"start":{"line":511,"column":0},"end":{"line":511,"column":12}},"511":{"start":{"line":512,"column":0},"end":{"line":512,"column":17}},"512":{"start":{"line":513,"column":0},"end":{"line":513,"column":49}},"513":{"start":{"line":514,"column":0},"end":{"line":514,"column":17}},"514":{"start":{"line":515,"column":0},"end":{"line":515,"column":74}},"515":{"start":{"line":516,"column":0},"end":{"line":516,"column":17}},"516":{"start":{"line":517,"column":0},"end":{"line":517,"column":77}},"517":{"start":{"line":518,"column":0},"end":{"line":518,"column":16}},"518":{"start":{"line":519,"column":0},"end":{"line":519,"column":66}},"519":{"start":{"line":520,"column":0},"end":{"line":520,"column":7}},"520":{"start":{"line":521,"column":0},"end":{"line":521,"column":31}},"522":{"start":{"line":523,"column":0},"end":{"line":523,"column":22}},"523":{"start":{"line":524,"column":0},"end":{"line":524,"column":48}},"525":{"start":{"line":526,"column":0},"end":{"line":526,"column":8}},"526":{"start":{"line":527,"column":0},"end":{"line":527,"column":12}},"528":{"start":{"line":529,"column":0},"end":{"line":529,"column":57}},"529":{"start":{"line":530,"column":0},"end":{"line":530,"column":5}},"530":{"start":{"line":531,"column":0},"end":{"line":531,"column":3}},"535":{"start":{"line":536,"column":0},"end":{"line":536,"column":44}},"536":{"start":{"line":537,"column":0},"end":{"line":537,"column":77}},"537":{"start":{"line":538,"column":0},"end":{"line":538,"column":9}},"538":{"start":{"line":539,"column":0},"end":{"line":539,"column":37}},"539":{"start":{"line":540,"column":0},"end":{"line":540,"column":18}},"540":{"start":{"line":541,"column":0},"end":{"line":541,"column":21}},"541":{"start":{"line":542,"column":0},"end":{"line":542,"column":54}},"542":{"start":{"line":543,"column":0},"end":{"line":543,"column":19}},"543":{"start":{"line":544,"column":0},"end":{"line":544,"column":5}},"544":{"start":{"line":545,"column":0},"end":{"line":545,"column":3}},"549":{"start":{"line":550,"column":0},"end":{"line":550,"column":34}},"550":{"start":{"line":551,"column":0},"end":{"line":551,"column":23}},"551":{"start":{"line":552,"column":0},"end":{"line":552,"column":3}},"574":{"start":{"line":575,"column":0},"end":{"line":575,"column":27}},"575":{"start":{"line":576,"column":0},"end":{"line":576,"column":38}},"576":{"start":{"line":577,"column":0},"end":{"line":577,"column":42}},"577":{"start":{"line":578,"column":0},"end":{"line":578,"column":32}},"578":{"start":{"line":579,"column":0},"end":{"line":579,"column":22}},"579":{"start":{"line":580,"column":0},"end":{"line":580,"column":94}},"580":{"start":{"line":581,"column":0},"end":{"line":581,"column":8}},"581":{"start":{"line":582,"column":0},"end":{"line":582,"column":5}},"582":{"start":{"line":583,"column":0},"end":{"line":583,"column":52}},"583":{"start":{"line":584,"column":0},"end":{"line":584,"column":3}},"591":{"start":{"line":592,"column":0},"end":{"line":592,"column":20}},"592":{"start":{"line":593,"column":0},"end":{"line":593,"column":32}},"593":{"start":{"line":594,"column":0},"end":{"line":594,"column":22}},"594":{"start":{"line":595,"column":0},"end":{"line":595,"column":94}},"595":{"start":{"line":596,"column":0},"end":{"line":596,"column":8}},"596":{"start":{"line":597,"column":0},"end":{"line":597,"column":5}},"597":{"start":{"line":598,"column":0},"end":{"line":598,"column":44}},"598":{"start":{"line":599,"column":0},"end":{"line":599,"column":3}},"599":{"start":{"line":600,"column":0},"end":{"line":600,"column":1}}},"s":{"7":1,"8":1,"9":1,"10":1,"11":1,"12":1,"13":1,"14":1,"73":1,"74":0,"75":0,"76":0,"77":0,"78":0,"79":0,"80":0,"82":0,"84":0,"85":0,"88":0,"90":0,"93":0,"96":0,"97":0,"98":0,"101":0,"102":0,"106":0,"107":0,"108":0,"109":0,"110":0,"111":0,"112":0,"113":0,"116":0,"117":0,"118":0,"120":0,"123":0,"124":0,"125":0,"126":0,"127":0,"128":0,"129":0,"130":0,"131":0,"134":0,"135":0,"136":0,"138":0,"141":0,"144":0,"145":0,"146":0,"148":0,"149":0,"150":0,"151":0,"153":0,"154":0,"155":0,"157":0,"160":0,"161":0,"162":0,"165":0,"166":0,"167":0,"170":0,"171":0,"172":0,"175":0,"176":0,"177":0,"178":0,"179":0,"180":0,"181":0,"182":0,"183":0,"184":0,"185":0,"186":0,"187":0,"188":0,"191":0,"192":0,"193":0,"194":0,"195":0,"196":0,"197":0,"200":0,"201":0,"202":0,"203":0,"204":0,"205":0,"206":0,"207":0,"208":0,"209":0,"211":0,"212":0,"213":0,"214":0,"215":0,"216":0,"219":0,"220":0,"221":0,"222":0,"223":0,"224":0,"225":0,"226":0,"227":0,"228":0,"230":0,"231":0,"232":0,"233":0,"234":0,"235":0,"236":0,"239":0,"240":0,"241":0,"242":0,"243":0,"244":0,"245":0,"248":0,"249":0,"250":0,"251":0,"252":0,"253":0,"254":0,"256":0,"257":0,"258":0,"259":0,"260":0,"261":0,"264":0,"265":0,"266":0,"267":0,"268":0,"269":0,"270":0,"272":0,"273":0,"274":0,"275":0,"276":0,"277":0,"278":0,"281":0,"282":0,"283":0,"284":0,"285":0,"286":0,"287":0,"290":0,"291":0,"292":0,"293":0,"294":0,"295":0,"298":0,"299":0,"301":0,"302":0,"303":0,"304":0,"305":0,"306":0,"307":0,"310":0,"311":0,"312":0,"313":0,"314":0,"315":0,"318":0,"319":0,"321":0,"322":0,"323":0,"324":0,"325":0,"326":0,"327":0,"328":0,"331":0,"332":0,"333":0,"334":0,"335":0,"336":0,"337":0,"338":0,"341":0,"344":0,"345":0,"347":0,"348":0,"349":0,"351":0,"352":0,"353":0,"354":0,"357":0,"358":0,"359":0,"361":0,"362":0,"363":0,"364":0,"367":0,"369":0,"370":0,"371":0,"372":0,"375":0,"376":0,"377":0,"378":0,"379":0,"380":0,"381":0,"382":0,"385":0,"386":0,"387":0,"388":0,"389":0,"390":0,"391":0,"393":0,"394":0,"395":0,"396":0,"397":0,"398":0,"401":0,"402":0,"404":0,"405":0,"406":0,"408":0,"409":0,"410":0,"411":0,"414":0,"415":0,"416":0,"418":0,"419":0,"420":0,"421":0,"424":0,"426":0,"427":0,"428":0,"429":0,"432":0,"433":0,"434":0,"435":0,"436":0,"437":0,"438":0,"439":0,"442":0,"443":0,"444":0,"445":0,"446":0,"447":0,"448":0,"450":0,"451":0,"452":0,"453":0,"454":0,"455":0,"459":0,"464":0,"465":0,"466":0,"467":0,"468":0,"469":0,"470":0,"471":0,"472":0,"473":0,"474":0,"475":0,"480":0,"482":0,"483":0,"484":0,"485":0,"486":0,"487":0,"490":0,"491":0,"492":0,"493":0,"494":0,"495":0,"497":0,"499":0,"500":0,"502":0,"503":0,"504":0,"505":0,"506":0,"507":0,"508":0,"509":0,"510":0,"511":0,"512":0,"513":0,"514":0,"515":0,"516":0,"517":0,"518":0,"519":0,"520":0,"522":0,"523":0,"525":0,"526":0,"528":0,"529":0,"530":0,"535":0,"536":0,"537":0,"538":0,"539":0,"540":0,"541":0,"542":0,"543":0,"544":0,"549":0,"550":0,"551":0,"574":0,"575":0,"576":0,"577":0,"578":0,"579":0,"580":0,"581":0,"582":0,"583":0,"591":0,"592":0,"593":0,"594":0,"595":0,"596":0,"597":0,"598":0,"599":0},"branchMap":{"0":{"type":"branch","line":74,"loc":{"start":{"line":74,"column":28},"end":{"line":600,"column":1}},"locations":[{"start":{"line":74,"column":28},"end":{"line":600,"column":1}}]}},"b":{"0":[0]},"fnMap":{"0":{"name":"<instance_members_initializer>","decl":{"start":{"line":74,"column":28},"end":{"line":600,"column":1}},"loc":{"start":{"line":74,"column":28},"end":{"line":600,"column":1}},"line":74}},"f":{"0":0}}
,"/home/ansible/epics/bConnect-MCP/bconnect-endpoints-mcp/src/modules/endpoints.ts": {"path":"/home/ansible/epics/bConnect-MCP/bconnect-endpoints-mcp/src/modules/endpoints.ts","all":false,"statementMap":{"101":{"start":{"line":102,"column":0},"end":{"line":102,"column":30}},"102":{"start":{"line":103,"column":0},"end":{"line":103,"column":39}},"104":{"start":{"line":105,"column":0},"end":{"line":105,"column":47}},"109":{"start":{"line":110,"column":0},"end":{"line":110,"column":77}},"110":{"start":{"line":111,"column":0},"end":{"line":111,"column":58}},"111":{"start":{"line":112,"column":0},"end":{"line":112,"column":35}},"112":{"start":{"line":113,"column":0},"end":{"line":113,"column":16}},"113":{"start":{"line":114,"column":0},"end":{"line":114,"column":6}},"114":{"start":{"line":115,"column":0},"end":{"line":115,"column":25}},"115":{"start":{"line":116,"column":0},"end":{"line":116,"column":3}},"120":{"start":{"line":121,"column":0},"end":{"line":121,"column":52}},"121":{"start":{"line":122,"column":0},"end":{"line":122,"column":53}},"122":{"start":{"line":123,"column":0},"end":{"line":123,"column":40}},"123":{"start":{"line":124,"column":0},"end":{"line":124,"column":6}},"124":{"start":{"line":125,"column":0},"end":{"line":125,"column":25}},"125":{"start":{"line":126,"column":0},"end":{"line":126,"column":3}},"131":{"start":{"line":132,"column":0},"end":{"line":132,"column":83}},"132":{"start":{"line":133,"column":0},"end":{"line":133,"column":30}},"133":{"start":{"line":134,"column":0},"end":{"line":134,"column":25}},"134":{"start":{"line":135,"column":0},"end":{"line":135,"column":30}},"135":{"start":{"line":136,"column":0},"end":{"line":136,"column":7}},"136":{"start":{"line":137,"column":0},"end":{"line":137,"column":3}},"141":{"start":{"line":142,"column":0},"end":{"line":142,"column":73}},"142":{"start":{"line":143,"column":0},"end":{"line":143,"column":30}},"143":{"start":{"line":144,"column":0},"end":{"line":144,"column":30}},"144":{"start":{"line":145,"column":0},"end":{"line":145,"column":7}},"145":{"start":{"line":146,"column":0},"end":{"line":146,"column":3}},"150":{"start":{"line":151,"column":0},"end":{"line":151,"column":91}},"151":{"start":{"line":152,"column":0},"end":{"line":152,"column":65}},"152":{"start":{"line":153,"column":0},"end":{"line":153,"column":42}},"153":{"start":{"line":154,"column":0},"end":{"line":154,"column":16}},"154":{"start":{"line":155,"column":0},"end":{"line":155,"column":6}},"155":{"start":{"line":156,"column":0},"end":{"line":156,"column":25}},"156":{"start":{"line":157,"column":0},"end":{"line":157,"column":3}},"161":{"start":{"line":162,"column":0},"end":{"line":162,"column":66}},"162":{"start":{"line":163,"column":0},"end":{"line":163,"column":60}},"163":{"start":{"line":164,"column":0},"end":{"line":164,"column":47}},"164":{"start":{"line":165,"column":0},"end":{"line":165,"column":6}},"165":{"start":{"line":166,"column":0},"end":{"line":166,"column":25}},"166":{"start":{"line":167,"column":0},"end":{"line":167,"column":3}},"171":{"start":{"line":172,"column":0},"end":{"line":172,"column":33}},"172":{"start":{"line":173,"column":0},"end":{"line":173,"column":27}},"173":{"start":{"line":174,"column":0},"end":{"line":174,"column":33}},"174":{"start":{"line":175,"column":0},"end":{"line":175,"column":29}},"175":{"start":{"line":176,"column":0},"end":{"line":176,"column":58}},"176":{"start":{"line":177,"column":0},"end":{"line":177,"column":67}},"177":{"start":{"line":178,"column":0},"end":{"line":178,"column":16}},"178":{"start":{"line":179,"column":0},"end":{"line":179,"column":6}},"179":{"start":{"line":180,"column":0},"end":{"line":180,"column":25}},"180":{"start":{"line":181,"column":0},"end":{"line":181,"column":3}},"185":{"start":{"line":186,"column":0},"end":{"line":186,"column":35}},"186":{"start":{"line":187,"column":0},"end":{"line":187,"column":27}},"187":{"start":{"line":188,"column":0},"end":{"line":188,"column":33}},"188":{"start":{"line":189,"column":0},"end":{"line":189,"column":43}},"189":{"start":{"line":190,"column":0},"end":{"line":190,"column":72}},"190":{"start":{"line":191,"column":0},"end":{"line":191,"column":67}},"191":{"start":{"line":192,"column":0},"end":{"line":192,"column":16}},"192":{"start":{"line":193,"column":0},"end":{"line":193,"column":6}},"193":{"start":{"line":194,"column":0},"end":{"line":194,"column":25}},"194":{"start":{"line":195,"column":0},"end":{"line":195,"column":3}},"199":{"start":{"line":200,"column":0},"end":{"line":200,"column":42}},"200":{"start":{"line":201,"column":0},"end":{"line":201,"column":27}},"201":{"start":{"line":202,"column":0},"end":{"line":202,"column":33}},"202":{"start":{"line":203,"column":0},"end":{"line":203,"column":50}},"203":{"start":{"line":204,"column":0},"end":{"line":204,"column":79}},"204":{"start":{"line":205,"column":0},"end":{"line":205,"column":74}},"205":{"start":{"line":206,"column":0},"end":{"line":206,"column":16}},"206":{"start":{"line":207,"column":0},"end":{"line":207,"column":6}},"207":{"start":{"line":208,"column":0},"end":{"line":208,"column":25}},"208":{"start":{"line":209,"column":0},"end":{"line":209,"column":3}},"213":{"start":{"line":214,"column":0},"end":{"line":214,"column":42}},"214":{"start":{"line":215,"column":0},"end":{"line":215,"column":43}},"215":{"start":{"line":216,"column":0},"end":{"line":216,"column":38}},"216":{"start":{"line":217,"column":0},"end":{"line":217,"column":6}},"217":{"start":{"line":218,"column":0},"end":{"line":218,"column":25}},"218":{"start":{"line":219,"column":0},"end":{"line":219,"column":3}},"223":{"start":{"line":224,"column":0},"end":{"line":224,"column":51}},"224":{"start":{"line":225,"column":0},"end":{"line":225,"column":43}},"225":{"start":{"line":226,"column":0},"end":{"line":226,"column":44}},"226":{"start":{"line":227,"column":0},"end":{"line":227,"column":6}},"227":{"start":{"line":228,"column":0},"end":{"line":228,"column":25}},"228":{"start":{"line":229,"column":0},"end":{"line":229,"column":3}},"233":{"start":{"line":234,"column":0},"end":{"line":234,"column":72}},"234":{"start":{"line":235,"column":0},"end":{"line":235,"column":43}},"235":{"start":{"line":236,"column":0},"end":{"line":236,"column":40}},"236":{"start":{"line":237,"column":0},"end":{"line":237,"column":16}},"237":{"start":{"line":238,"column":0},"end":{"line":238,"column":6}},"238":{"start":{"line":239,"column":0},"end":{"line":239,"column":25}},"239":{"start":{"line":240,"column":0},"end":{"line":240,"column":3}},"244":{"start":{"line":245,"column":0},"end":{"line":245,"column":62}},"245":{"start":{"line":246,"column":0},"end":{"line":246,"column":58}},"246":{"start":{"line":247,"column":0},"end":{"line":247,"column":45}},"247":{"start":{"line":248,"column":0},"end":{"line":248,"column":6}},"248":{"start":{"line":249,"column":0},"end":{"line":249,"column":25}},"249":{"start":{"line":250,"column":0},"end":{"line":250,"column":3}},"254":{"start":{"line":255,"column":0},"end":{"line":255,"column":70}},"255":{"start":{"line":256,"column":0},"end":{"line":256,"column":43}},"256":{"start":{"line":257,"column":0},"end":{"line":257,"column":38}},"257":{"start":{"line":258,"column":0},"end":{"line":258,"column":16}},"258":{"start":{"line":259,"column":0},"end":{"line":259,"column":6}},"259":{"start":{"line":260,"column":0},"end":{"line":260,"column":25}},"260":{"start":{"line":261,"column":0},"end":{"line":261,"column":3}},"265":{"start":{"line":266,"column":0},"end":{"line":266,"column":58}},"266":{"start":{"line":267,"column":0},"end":{"line":267,"column":56}},"267":{"start":{"line":268,"column":0},"end":{"line":268,"column":43}},"268":{"start":{"line":269,"column":0},"end":{"line":269,"column":6}},"269":{"start":{"line":270,"column":0},"end":{"line":270,"column":25}},"270":{"start":{"line":271,"column":0},"end":{"line":271,"column":3}},"275":{"start":{"line":276,"column":0},"end":{"line":276,"column":74}},"276":{"start":{"line":277,"column":0},"end":{"line":277,"column":43}},"277":{"start":{"line":278,"column":0},"end":{"line":278,"column":42}},"278":{"start":{"line":279,"column":0},"end":{"line":279,"column":16}},"279":{"start":{"line":280,"column":0},"end":{"line":280,"column":6}},"280":{"start":{"line":281,"column":0},"end":{"line":281,"column":25}},"281":{"start":{"line":282,"column":0},"end":{"line":282,"column":3}},"286":{"start":{"line":287,"column":0},"end":{"line":287,"column":70}},"287":{"start":{"line":288,"column":0},"end":{"line":288,"column":43}},"288":{"start":{"line":289,"column":0},"end":{"line":289,"column":38}},"289":{"start":{"line":290,"column":0},"end":{"line":290,"column":16}},"290":{"start":{"line":291,"column":0},"end":{"line":291,"column":6}},"291":{"start":{"line":292,"column":0},"end":{"line":292,"column":25}},"292":{"start":{"line":293,"column":0},"end":{"line":293,"column":3}},"299":{"start":{"line":300,"column":0},"end":{"line":300,"column":99}},"300":{"start":{"line":301,"column":0},"end":{"line":301,"column":61}},"301":{"start":{"line":302,"column":0},"end":{"line":302,"column":42}},"302":{"start":{"line":303,"column":0},"end":{"line":303,"column":18}},"303":{"start":{"line":304,"column":0},"end":{"line":304,"column":6}},"304":{"start":{"line":305,"column":0},"end":{"line":305,"column":25}},"305":{"start":{"line":306,"column":0},"end":{"line":306,"column":3}},"310":{"start":{"line":311,"column":0},"end":{"line":311,"column":93}},"311":{"start":{"line":312,"column":0},"end":{"line":312,"column":28}},"312":{"start":{"line":313,"column":0},"end":{"line":313,"column":48}},"313":{"start":{"line":314,"column":0},"end":{"line":314,"column":16}},"314":{"start":{"line":315,"column":0},"end":{"line":315,"column":6}},"315":{"start":{"line":316,"column":0},"end":{"line":316,"column":3}},"320":{"start":{"line":321,"column":0},"end":{"line":321,"column":58}},"321":{"start":{"line":322,"column":0},"end":{"line":322,"column":29}},"322":{"start":{"line":323,"column":0},"end":{"line":323,"column":47}},"323":{"start":{"line":324,"column":0},"end":{"line":324,"column":6}},"324":{"start":{"line":325,"column":0},"end":{"line":325,"column":3}},"331":{"start":{"line":332,"column":0},"end":{"line":332,"column":123}},"332":{"start":{"line":333,"column":0},"end":{"line":333,"column":71}},"333":{"start":{"line":334,"column":0},"end":{"line":334,"column":64}},"334":{"start":{"line":335,"column":0},"end":{"line":335,"column":20}},"335":{"start":{"line":336,"column":0},"end":{"line":336,"column":6}},"336":{"start":{"line":337,"column":0},"end":{"line":337,"column":25}},"337":{"start":{"line":338,"column":0},"end":{"line":338,"column":3}},"344":{"start":{"line":345,"column":0},"end":{"line":345,"column":87}},"345":{"start":{"line":346,"column":0},"end":{"line":346,"column":57}},"346":{"start":{"line":347,"column":0},"end":{"line":347,"column":38}},"347":{"start":{"line":348,"column":0},"end":{"line":348,"column":18}},"348":{"start":{"line":349,"column":0},"end":{"line":349,"column":6}},"349":{"start":{"line":350,"column":0},"end":{"line":350,"column":25}},"350":{"start":{"line":351,"column":0},"end":{"line":351,"column":3}},"355":{"start":{"line":356,"column":0},"end":{"line":356,"column":85}},"356":{"start":{"line":357,"column":0},"end":{"line":357,"column":28}},"357":{"start":{"line":358,"column":0},"end":{"line":358,"column":44}},"358":{"start":{"line":359,"column":0},"end":{"line":359,"column":16}},"359":{"start":{"line":360,"column":0},"end":{"line":360,"column":6}},"360":{"start":{"line":361,"column":0},"end":{"line":361,"column":3}},"365":{"start":{"line":366,"column":0},"end":{"line":366,"column":54}},"366":{"start":{"line":367,"column":0},"end":{"line":367,"column":29}},"367":{"start":{"line":368,"column":0},"end":{"line":368,"column":43}},"368":{"start":{"line":369,"column":0},"end":{"line":369,"column":6}},"369":{"start":{"line":370,"column":0},"end":{"line":370,"column":3}},"376":{"start":{"line":377,"column":0},"end":{"line":377,"column":111}},"377":{"start":{"line":378,"column":0},"end":{"line":378,"column":67}},"378":{"start":{"line":379,"column":0},"end":{"line":379,"column":60}},"379":{"start":{"line":380,"column":0},"end":{"line":380,"column":20}},"380":{"start":{"line":381,"column":0},"end":{"line":381,"column":6}},"381":{"start":{"line":382,"column":0},"end":{"line":382,"column":25}},"382":{"start":{"line":383,"column":0},"end":{"line":383,"column":3}},"391":{"start":{"line":392,"column":0},"end":{"line":392,"column":106}},"392":{"start":{"line":393,"column":0},"end":{"line":393,"column":68}},"393":{"start":{"line":394,"column":0},"end":{"line":394,"column":42}},"394":{"start":{"line":395,"column":0},"end":{"line":395,"column":18}},"395":{"start":{"line":396,"column":0},"end":{"line":396,"column":6}},"396":{"start":{"line":397,"column":0},"end":{"line":397,"column":25}},"397":{"start":{"line":398,"column":0},"end":{"line":398,"column":3}},"402":{"start":{"line":403,"column":0},"end":{"line":403,"column":111}},"403":{"start":{"line":404,"column":0},"end":{"line":404,"column":69}},"404":{"start":{"line":405,"column":0},"end":{"line":405,"column":48}},"405":{"start":{"line":406,"column":0},"end":{"line":406,"column":16}},"406":{"start":{"line":407,"column":0},"end":{"line":407,"column":6}},"407":{"start":{"line":408,"column":0},"end":{"line":408,"column":25}},"408":{"start":{"line":409,"column":0},"end":{"line":409,"column":3}},"413":{"start":{"line":414,"column":0},"end":{"line":414,"column":58}},"414":{"start":{"line":415,"column":0},"end":{"line":415,"column":29}},"415":{"start":{"line":416,"column":0},"end":{"line":416,"column":47}},"416":{"start":{"line":417,"column":0},"end":{"line":417,"column":6}},"417":{"start":{"line":418,"column":0},"end":{"line":418,"column":3}},"422":{"start":{"line":423,"column":0},"end":{"line":423,"column":110}},"423":{"start":{"line":424,"column":0},"end":{"line":424,"column":27}},"424":{"start":{"line":425,"column":0},"end":{"line":425,"column":64}},"425":{"start":{"line":426,"column":0},"end":{"line":426,"column":20}},"426":{"start":{"line":427,"column":0},"end":{"line":427,"column":6}},"427":{"start":{"line":428,"column":0},"end":{"line":428,"column":3}},"432":{"start":{"line":433,"column":0},"end":{"line":433,"column":65}},"433":{"start":{"line":434,"column":0},"end":{"line":434,"column":27}},"434":{"start":{"line":435,"column":0},"end":{"line":435,"column":76}},"435":{"start":{"line":436,"column":0},"end":{"line":436,"column":6}},"436":{"start":{"line":437,"column":0},"end":{"line":437,"column":3}},"445":{"start":{"line":446,"column":0},"end":{"line":446,"column":100}},"446":{"start":{"line":447,"column":0},"end":{"line":447,"column":66}},"447":{"start":{"line":448,"column":0},"end":{"line":448,"column":40}},"448":{"start":{"line":449,"column":0},"end":{"line":449,"column":18}},"449":{"start":{"line":450,"column":0},"end":{"line":450,"column":6}},"450":{"start":{"line":451,"column":0},"end":{"line":451,"column":25}},"451":{"start":{"line":452,"column":0},"end":{"line":452,"column":3}},"456":{"start":{"line":457,"column":0},"end":{"line":457,"column":105}},"457":{"start":{"line":458,"column":0},"end":{"line":458,"column":67}},"458":{"start":{"line":459,"column":0},"end":{"line":459,"column":46}},"459":{"start":{"line":460,"column":0},"end":{"line":460,"column":16}},"460":{"start":{"line":461,"column":0},"end":{"line":461,"column":6}},"461":{"start":{"line":462,"column":0},"end":{"line":462,"column":25}},"462":{"start":{"line":463,"column":0},"end":{"line":463,"column":3}},"467":{"start":{"line":468,"column":0},"end":{"line":468,"column":56}},"468":{"start":{"line":469,"column":0},"end":{"line":469,"column":29}},"469":{"start":{"line":470,"column":0},"end":{"line":470,"column":45}},"470":{"start":{"line":471,"column":0},"end":{"line":471,"column":6}},"471":{"start":{"line":472,"column":0},"end":{"line":472,"column":3}},"480":{"start":{"line":481,"column":0},"end":{"line":481,"column":94}},"481":{"start":{"line":482,"column":0},"end":{"line":482,"column":64}},"482":{"start":{"line":483,"column":0},"end":{"line":483,"column":38}},"483":{"start":{"line":484,"column":0},"end":{"line":484,"column":18}},"484":{"start":{"line":485,"column":0},"end":{"line":485,"column":6}},"485":{"start":{"line":486,"column":0},"end":{"line":486,"column":25}},"486":{"start":{"line":487,"column":0},"end":{"line":487,"column":3}},"491":{"start":{"line":492,"column":0},"end":{"line":492,"column":99}},"492":{"start":{"line":493,"column":0},"end":{"line":493,"column":65}},"493":{"start":{"line":494,"column":0},"end":{"line":494,"column":44}},"494":{"start":{"line":495,"column":0},"end":{"line":495,"column":16}},"495":{"start":{"line":496,"column":0},"end":{"line":496,"column":6}},"496":{"start":{"line":497,"column":0},"end":{"line":497,"column":25}},"497":{"start":{"line":498,"column":0},"end":{"line":498,"column":3}},"502":{"start":{"line":503,"column":0},"end":{"line":503,"column":54}},"503":{"start":{"line":504,"column":0},"end":{"line":504,"column":29}},"504":{"start":{"line":505,"column":0},"end":{"line":505,"column":43}},"505":{"start":{"line":506,"column":0},"end":{"line":506,"column":6}},"506":{"start":{"line":507,"column":0},"end":{"line":507,"column":3}},"511":{"start":{"line":512,"column":0},"end":{"line":512,"column":102}},"512":{"start":{"line":513,"column":0},"end":{"line":513,"column":27}},"513":{"start":{"line":514,"column":0},"end":{"line":514,"column":60}},"514":{"start":{"line":515,"column":0},"end":{"line":515,"column":20}},"515":{"start":{"line":516,"column":0},"end":{"line":516,"column":6}},"516":{"start":{"line":517,"column":0},"end":{"line":517,"column":3}},"525":{"start":{"line":526,"column":0},"end":{"line":526,"column":94}},"526":{"start":{"line":527,"column":0},"end":{"line":527,"column":65}},"527":{"start":{"line":528,"column":0},"end":{"line":528,"column":39}},"528":{"start":{"line":529,"column":0},"end":{"line":529,"column":15}},"529":{"start":{"line":530,"column":0},"end":{"line":530,"column":6}},"530":{"start":{"line":531,"column":0},"end":{"line":531,"column":25}},"531":{"start":{"line":532,"column":0},"end":{"line":532,"column":3}},"536":{"start":{"line":537,"column":0},"end":{"line":537,"column":102}},"537":{"start":{"line":538,"column":0},"end":{"line":538,"column":66}},"538":{"start":{"line":539,"column":0},"end":{"line":539,"column":45}},"539":{"start":{"line":540,"column":0},"end":{"line":540,"column":16}},"540":{"start":{"line":541,"column":0},"end":{"line":541,"column":6}},"541":{"start":{"line":542,"column":0},"end":{"line":542,"column":25}},"542":{"start":{"line":543,"column":0},"end":{"line":543,"column":3}},"547":{"start":{"line":548,"column":0},"end":{"line":548,"column":55}},"548":{"start":{"line":549,"column":0},"end":{"line":549,"column":29}},"549":{"start":{"line":550,"column":0},"end":{"line":550,"column":44}},"550":{"start":{"line":551,"column":0},"end":{"line":551,"column":6}},"551":{"start":{"line":552,"column":0},"end":{"line":552,"column":3}},"560":{"start":{"line":561,"column":0},"end":{"line":561,"column":130}},"561":{"start":{"line":562,"column":0},"end":{"line":562,"column":63}},"562":{"start":{"line":563,"column":0},"end":{"line":563,"column":59}},"563":{"start":{"line":564,"column":0},"end":{"line":564,"column":27}},"564":{"start":{"line":565,"column":0},"end":{"line":565,"column":6}},"565":{"start":{"line":566,"column":0},"end":{"line":566,"column":25}},"566":{"start":{"line":567,"column":0},"end":{"line":567,"column":3}},"571":{"start":{"line":572,"column":0},"end":{"line":572,"column":117}},"572":{"start":{"line":573,"column":0},"end":{"line":573,"column":28}},"573":{"start":{"line":574,"column":0},"end":{"line":574,"column":59}},"574":{"start":{"line":575,"column":0},"end":{"line":575,"column":27}},"575":{"start":{"line":576,"column":0},"end":{"line":576,"column":6}},"576":{"start":{"line":577,"column":0},"end":{"line":577,"column":3}},"581":{"start":{"line":582,"column":0},"end":{"line":582,"column":71}},"582":{"start":{"line":583,"column":0},"end":{"line":583,"column":29}},"583":{"start":{"line":584,"column":0},"end":{"line":584,"column":58}},"584":{"start":{"line":585,"column":0},"end":{"line":585,"column":6}},"585":{"start":{"line":586,"column":0},"end":{"line":586,"column":3}},"590":{"start":{"line":591,"column":0},"end":{"line":591,"column":134}},"591":{"start":{"line":592,"column":0},"end":{"line":592,"column":63}},"592":{"start":{"line":593,"column":0},"end":{"line":593,"column":63}},"593":{"start":{"line":594,"column":0},"end":{"line":594,"column":27}},"594":{"start":{"line":595,"column":0},"end":{"line":595,"column":6}},"595":{"start":{"line":596,"column":0},"end":{"line":596,"column":25}},"596":{"start":{"line":597,"column":0},"end":{"line":597,"column":3}},"601":{"start":{"line":602,"column":0},"end":{"line":602,"column":121}},"602":{"start":{"line":603,"column":0},"end":{"line":603,"column":28}},"603":{"start":{"line":604,"column":0},"end":{"line":604,"column":63}},"604":{"start":{"line":605,"column":0},"end":{"line":605,"column":27}},"605":{"start":{"line":606,"column":0},"end":{"line":606,"column":6}},"606":{"start":{"line":607,"column":0},"end":{"line":607,"column":3}},"611":{"start":{"line":612,"column":0},"end":{"line":612,"column":75}},"612":{"start":{"line":613,"column":0},"end":{"line":613,"column":29}},"613":{"start":{"line":614,"column":0},"end":{"line":614,"column":62}},"614":{"start":{"line":615,"column":0},"end":{"line":615,"column":6}},"615":{"start":{"line":616,"column":0},"end":{"line":616,"column":3}},"624":{"start":{"line":625,"column":0},"end":{"line":625,"column":98}},"625":{"start":{"line":626,"column":0},"end":{"line":626,"column":68}},"626":{"start":{"line":627,"column":0},"end":{"line":627,"column":45}},"627":{"start":{"line":628,"column":0},"end":{"line":628,"column":16}},"628":{"start":{"line":629,"column":0},"end":{"line":629,"column":6}},"629":{"start":{"line":630,"column":0},"end":{"line":630,"column":25}},"630":{"start":{"line":631,"column":0},"end":{"line":631,"column":3}},"635":{"start":{"line":636,"column":0},"end":{"line":636,"column":75}},"636":{"start":{"line":637,"column":0},"end":{"line":637,"column":66}},"637":{"start":{"line":638,"column":0},"end":{"line":638,"column":50}},"638":{"start":{"line":639,"column":0},"end":{"line":639,"column":6}},"639":{"start":{"line":640,"column":0},"end":{"line":640,"column":25}},"640":{"start":{"line":641,"column":0},"end":{"line":641,"column":3}},"645":{"start":{"line":646,"column":0},"end":{"line":646,"column":108}},"646":{"start":{"line":647,"column":0},"end":{"line":647,"column":64}},"647":{"start":{"line":648,"column":0},"end":{"line":648,"column":45}},"648":{"start":{"line":649,"column":0},"end":{"line":649,"column":18}},"649":{"start":{"line":650,"column":0},"end":{"line":650,"column":6}},"650":{"start":{"line":651,"column":0},"end":{"line":651,"column":25}},"651":{"start":{"line":652,"column":0},"end":{"line":652,"column":3}},"656":{"start":{"line":657,"column":0},"end":{"line":657,"column":113}},"657":{"start":{"line":658,"column":0},"end":{"line":658,"column":65}},"658":{"start":{"line":659,"column":0},"end":{"line":659,"column":51}},"659":{"start":{"line":660,"column":0},"end":{"line":660,"column":16}},"660":{"start":{"line":661,"column":0},"end":{"line":661,"column":6}},"661":{"start":{"line":662,"column":0},"end":{"line":662,"column":25}},"662":{"start":{"line":663,"column":0},"end":{"line":663,"column":3}},"667":{"start":{"line":668,"column":0},"end":{"line":668,"column":61}},"668":{"start":{"line":669,"column":0},"end":{"line":669,"column":29}},"669":{"start":{"line":670,"column":0},"end":{"line":670,"column":50}},"670":{"start":{"line":671,"column":0},"end":{"line":671,"column":6}},"671":{"start":{"line":672,"column":0},"end":{"line":672,"column":3}},"680":{"start":{"line":681,"column":0},"end":{"line":681,"column":99}},"681":{"start":{"line":682,"column":0},"end":{"line":682,"column":61}},"682":{"start":{"line":683,"column":0},"end":{"line":683,"column":42}},"683":{"start":{"line":684,"column":0},"end":{"line":684,"column":18}},"684":{"start":{"line":685,"column":0},"end":{"line":685,"column":6}},"685":{"start":{"line":686,"column":0},"end":{"line":686,"column":25}},"686":{"start":{"line":687,"column":0},"end":{"line":687,"column":3}},"691":{"start":{"line":692,"column":0},"end":{"line":692,"column":104}},"692":{"start":{"line":693,"column":0},"end":{"line":693,"column":62}},"693":{"start":{"line":694,"column":0},"end":{"line":694,"column":48}},"694":{"start":{"line":695,"column":0},"end":{"line":695,"column":16}},"695":{"start":{"line":696,"column":0},"end":{"line":696,"column":6}},"696":{"start":{"line":697,"column":0},"end":{"line":697,"column":25}},"697":{"start":{"line":698,"column":0},"end":{"line":698,"column":3}},"702":{"start":{"line":703,"column":0},"end":{"line":703,"column":58}},"703":{"start":{"line":704,"column":0},"end":{"line":704,"column":29}},"704":{"start":{"line":705,"column":0},"end":{"line":705,"column":47}},"705":{"start":{"line":706,"column":0},"end":{"line":706,"column":6}},"706":{"start":{"line":707,"column":0},"end":{"line":707,"column":3}},"716":{"start":{"line":717,"column":0},"end":{"line":717,"column":51}},"717":{"start":{"line":718,"column":0},"end":{"line":718,"column":29}},"718":{"start":{"line":719,"column":0},"end":{"line":719,"column":40}},"719":{"start":{"line":720,"column":0},"end":{"line":720,"column":6}},"720":{"start":{"line":721,"column":0},"end":{"line":721,"column":3}},"729":{"start":{"line":730,"column":0},"end":{"line":730,"column":69}},"730":{"start":{"line":731,"column":0},"end":{"line":731,"column":63}},"731":{"start":{"line":732,"column":0},"end":{"line":732,"column":47}},"732":{"start":{"line":733,"column":0},"end":{"line":733,"column":6}},"733":{"start":{"line":734,"column":0},"end":{"line":734,"column":25}},"734":{"start":{"line":735,"column":0},"end":{"line":735,"column":3}},"739":{"start":{"line":740,"column":0},"end":{"line":740,"column":92}},"740":{"start":{"line":741,"column":0},"end":{"line":741,"column":65}},"741":{"start":{"line":742,"column":0},"end":{"line":742,"column":42}},"742":{"start":{"line":743,"column":0},"end":{"line":743,"column":16}},"743":{"start":{"line":744,"column":0},"end":{"line":744,"column":6}},"744":{"start":{"line":745,"column":0},"end":{"line":745,"column":25}},"745":{"start":{"line":746,"column":0},"end":{"line":746,"column":3}},"750":{"start":{"line":751,"column":0},"end":{"line":751,"column":61}},"751":{"start":{"line":752,"column":0},"end":{"line":752,"column":59}},"752":{"start":{"line":753,"column":0},"end":{"line":753,"column":43}},"753":{"start":{"line":754,"column":0},"end":{"line":754,"column":6}},"754":{"start":{"line":755,"column":0},"end":{"line":755,"column":25}},"755":{"start":{"line":756,"column":0},"end":{"line":756,"column":3}},"760":{"start":{"line":761,"column":0},"end":{"line":761,"column":84}},"761":{"start":{"line":762,"column":0},"end":{"line":762,"column":61}},"762":{"start":{"line":763,"column":0},"end":{"line":763,"column":38}},"763":{"start":{"line":764,"column":0},"end":{"line":764,"column":16}},"764":{"start":{"line":765,"column":0},"end":{"line":765,"column":6}},"765":{"start":{"line":766,"column":0},"end":{"line":766,"column":25}},"766":{"start":{"line":767,"column":0},"end":{"line":767,"column":3}},"771":{"start":{"line":772,"column":0},"end":{"line":772,"column":92}},"772":{"start":{"line":773,"column":0},"end":{"line":773,"column":65}},"773":{"start":{"line":774,"column":0},"end":{"line":774,"column":42}},"774":{"start":{"line":775,"column":0},"end":{"line":775,"column":16}},"775":{"start":{"line":776,"column":0},"end":{"line":776,"column":6}},"776":{"start":{"line":777,"column":0},"end":{"line":777,"column":25}},"777":{"start":{"line":778,"column":0},"end":{"line":778,"column":3}},"782":{"start":{"line":783,"column":0},"end":{"line":783,"column":69}},"783":{"start":{"line":784,"column":0},"end":{"line":784,"column":63}},"784":{"start":{"line":785,"column":0},"end":{"line":785,"column":47}},"785":{"start":{"line":786,"column":0},"end":{"line":786,"column":6}},"786":{"start":{"line":787,"column":0},"end":{"line":787,"column":25}},"787":{"start":{"line":788,"column":0},"end":{"line":788,"column":3}},"792":{"start":{"line":793,"column":0},"end":{"line":793,"column":84}},"793":{"start":{"line":794,"column":0},"end":{"line":794,"column":65}},"794":{"start":{"line":795,"column":0},"end":{"line":795,"column":58}},"795":{"start":{"line":796,"column":0},"end":{"line":796,"column":6}},"796":{"start":{"line":797,"column":0},"end":{"line":797,"column":25}},"797":{"start":{"line":798,"column":0},"end":{"line":798,"column":3}},"802":{"start":{"line":803,"column":0},"end":{"line":803,"column":96}},"803":{"start":{"line":804,"column":0},"end":{"line":804,"column":73}},"804":{"start":{"line":805,"column":0},"end":{"line":805,"column":62}},"805":{"start":{"line":806,"column":0},"end":{"line":806,"column":6}},"806":{"start":{"line":807,"column":0},"end":{"line":807,"column":25}},"807":{"start":{"line":808,"column":0},"end":{"line":808,"column":3}},"816":{"start":{"line":817,"column":0},"end":{"line":817,"column":81}},"817":{"start":{"line":818,"column":0},"end":{"line":818,"column":43}},"818":{"start":{"line":819,"column":0},"end":{"line":819,"column":44}},"819":{"start":{"line":820,"column":0},"end":{"line":820,"column":16}},"820":{"start":{"line":821,"column":0},"end":{"line":821,"column":6}},"821":{"start":{"line":822,"column":0},"end":{"line":822,"column":25}},"822":{"start":{"line":823,"column":0},"end":{"line":823,"column":3}},"827":{"start":{"line":828,"column":0},"end":{"line":828,"column":60}},"828":{"start":{"line":829,"column":0},"end":{"line":829,"column":43}},"829":{"start":{"line":830,"column":0},"end":{"line":830,"column":49}},"830":{"start":{"line":831,"column":0},"end":{"line":831,"column":6}},"831":{"start":{"line":832,"column":0},"end":{"line":832,"column":25}},"832":{"start":{"line":833,"column":0},"end":{"line":833,"column":3}},"837":{"start":{"line":838,"column":0},"end":{"line":838,"column":60}},"838":{"start":{"line":839,"column":0},"end":{"line":839,"column":29}},"839":{"start":{"line":840,"column":0},"end":{"line":840,"column":49}},"840":{"start":{"line":841,"column":0},"end":{"line":841,"column":6}},"841":{"start":{"line":842,"column":0},"end":{"line":842,"column":3}},"846":{"start":{"line":847,"column":0},"end":{"line":847,"column":62}},"847":{"start":{"line":848,"column":0},"end":{"line":848,"column":43}},"848":{"start":{"line":849,"column":0},"end":{"line":849,"column":60}},"849":{"start":{"line":850,"column":0},"end":{"line":850,"column":6}},"850":{"start":{"line":851,"column":0},"end":{"line":851,"column":25}},"851":{"start":{"line":852,"column":0},"end":{"line":852,"column":3}},"856":{"start":{"line":857,"column":0},"end":{"line":857,"column":81}},"857":{"start":{"line":858,"column":0},"end":{"line":858,"column":44}},"858":{"start":{"line":859,"column":0},"end":{"line":859,"column":61}},"859":{"start":{"line":860,"column":0},"end":{"line":860,"column":18}},"860":{"start":{"line":861,"column":0},"end":{"line":861,"column":6}},"861":{"start":{"line":862,"column":0},"end":{"line":862,"column":25}},"862":{"start":{"line":863,"column":0},"end":{"line":863,"column":3}},"867":{"start":{"line":868,"column":0},"end":{"line":868,"column":62}},"868":{"start":{"line":869,"column":0},"end":{"line":869,"column":29}},"869":{"start":{"line":870,"column":0},"end":{"line":870,"column":60}},"870":{"start":{"line":871,"column":0},"end":{"line":871,"column":6}},"871":{"start":{"line":872,"column":0},"end":{"line":872,"column":3}},"872":{"start":{"line":873,"column":0},"end":{"line":873,"column":1}}},"s":{"101":1,"102":0,"104":0,"109":0,"110":0,"111":0,"112":0,"113":0,"114":0,"115":0,"120":0,"121":0,"122":0,"123":0,"124":0,"125":0,"131":0,"132":0,"133":0,"134":0,"135":0,"136":0,"141":0,"142":0,"143":0,"144":0,"145":0,"150":0,"151":0,"152":0,"153":0,"154":0,"155":0,"156":0,"161":0,"162":0,"163":0,"164":0,"165":0,"166":0,"171":0,"172":0,"173":0,"174":0,"175":0,"176":0,"177":0,"178":0,"179":0,"180":0,"185":0,"186":0,"187":0,"188":0,"189":0,"190":0,"191":0,"192":0,"193":0,"194":0,"199":0,"200":0,"201":0,"202":0,"203":0,"204":0,"205":0,"206":0,"207":0,"208":0,"213":0,"214":0,"215":0,"216":0,"217":0,"218":0,"223":0,"224":0,"225":0,"226":0,"227":0,"228":0,"233":0,"234":0,"235":0,"236":0,"237":0,"238":0,"239":0,"244":0,"245":0,"246":0,"247":0,"248":0,"249":0,"254":0,"255":0,"256":0,"257":0,"258":0,"259":0,"260":0,"265":0,"266":0,"267":0,"268":0,"269":0,"270":0,"275":0,"276":0,"277":0,"278":0,"279":0,"280":0,"281":0,"286":0,"287":0,"288":0,"289":0,"290":0,"291":0,"292":0,"299":0,"300":0,"301":0,"302":0,"303":0,"304":0,"305":0,"310":0,"311":0,"312":0,"313":0,"314":0,"315":0,"320":0,"321":0,"322":0,"323":0,"324":0,"331":0,"332":0,"333":0,"334":0,"335":0,"336":0,"337":0,"344":0,"345":0,"346":0,"347":0,"348":0,"349":0,"350":0,"355":0,"356":0,"357":0,"358":0,"359":0,"360":0,"365":0,"366":0,"367":0,"368":0,"369":0,"376":0,"377":0,"378":0,"379":0,"380":0,"381":0,"382":0,"391":0,"392":0,"393":0,"394":0,"395":0,"396":0,"397":0,"402":0,"403":0,"404":0,"405":0,"406":0,"407":0,"408":0,"413":0,"414":0,"415":0,"416":0,"417":0,"422":0,"423":0,"424":0,"425":0,"426":0,"427":0,"432":0,"433":0,"434":0,"435":0,"436":0,"445":0,"446":0,"447":0,"448":0,"449":0,"450":0,"451":0,"456":0,"457":0,"458":0,"459":0,"460":0,"461":0,"462":0,"467":0,"468":0,"469":0,"470":0,"471":0,"480":0,"481":0,"482":0,"483":0,"484":0,"485":0,"486":0,"491":0,"492":0,"493":0,"494":0,"495":0,"496":0,"497":0,"502":0,"503":0,"504":0,"505":0,"506":0,"511":0,"512":0,"513":0,"514":0,"515":0,"516":0,"525":0,"526":0,"527":0,"528":0,"529":0,"530":0,"531":0,"536":0,"537":0,"538":0,"539":0,"540":0,"541":0,"542":0,"547":0,"548":0,"549":0,"550":0,"551":0,"560":0,"561":0,"562":0,"563":0,"564":0,"565":0,"566":0,"571":0,"572":0,"573":0,"574":0,"575":0,"576":0,"581":0,"582":0,"583":0,"584":0,"585":0,"590":0,"591":0,"592":0,"593":0,"594":0,"595":0,"596":0,"601":0,"602":0,"603":0,"604":0,"605":0,"606":0,"611":0,"612":0,"613":0,"614":0,"615":0,"624":0,"625":0,"626":0,"627":0,"628":0,"629":0,"630":0,"635":0,"636":0,"637":0,"638":0,"639":0,"640":0,"645":0,"646":0,"647":0,"648":0,"649":0,"650":0,"651":0,"656":0,"657":0,"658":0,"659":0,"660":0,"661":0,"662":0,"667":0,"668":0,"669":0,"670":0,"671":0,"680":0,"681":0,"682":0,"683":0,"684":0,"685":0,"686":0,"691":0,"692":0,"693":0,"694":0,"695":0,"696":0,"697":0,"702":0,"703":0,"704":0,"705":0,"706":0,"716":0,"717":0,"718":0,"719":0,"720":0,"729":0,"730":0,"731":0,"732":0,"733":0,"734":0,"739":0,"740":0,"741":0,"742":0,"743":0,"744":0,"745":0,"750":0,"751":0,"752":0,"753":0,"754":0,"755":0,"760":0,"761":0,"762":0,"763":0,"764":0,"765":0,"766":0,"771":0,"772":0,"773":0,"774":0,"775":0,"776":0,"777":0,"782":0,"783":0,"784":0,"785":0,"786":0,"787":0,"792":0,"793":0,"794":0,"795":0,"796":0,"797":0,"802":0,"803":0,"804":0,"805":0,"806":0,"807":0,"816":0,"817":0,"818":0,"819":0,"820":0,"821":0,"822":0,"827":0,"828":0,"829":0,"830":0,"831":0,"832":0,"837":0,"838":0,"839":0,"840":0,"841":0,"846":0,"847":0,"848":0,"849":0,"850":0,"851":0,"856":0,"857":0,"858":0,"859":0,"860":0,"861":0,"862":0,"867":0,"868":0,"869":0,"870":0,"871":0,"872":0},"branchMap":{"0":{"type":"branch","line":102,"loc":{"start":{"line":102,"column":29},"end":{"line":873,"column":1}},"locations":[{"start":{"line":102,"column":29},"end":{"line":873,"column":1}}]}},"b":{"0":[0]},"fnMap":{"0":{"name":"<instance_members_initializer>","decl":{"start":{"line":102,"column":29},"end":{"line":873,"column":1}},"loc":{"start":{"line":102,"column":29},"end":{"line":873,"column":1}},"line":102}},"f":{"0":0}}
,"/home/ansible/epics/bConnect-MCP/bconnect-endpoints-mcp/src/utils/audit-logger.ts": {"path":"/home/ansible/epics/bConnect-MCP/bconnect-endpoints-mcp/src/utils/audit-logger.ts","all":false,"statementMap":{"62":{"start":{"line":63,"column":0},"end":{"line":63,"column":26}},"63":{"start":{"line":64,"column":0},"end":{"line":64,"column":55}},"64":{"start":{"line":65,"column":0},"end":{"line":65,"column":52}},"66":{"start":{"line":67,"column":0},"end":{"line":67,"column":42}},"67":{"start":{"line":68,"column":0},"end":{"line":68,"column":19}},"68":{"start":{"line":69,"column":0},"end":{"line":69,"column":26}},"69":{"start":{"line":70,"column":0},"end":{"line":70,"column":32}},"70":{"start":{"line":71,"column":0},"end":{"line":71,"column":73}},"71":{"start":{"line":72,"column":0},"end":{"line":72,"column":59}},"72":{"start":{"line":73,"column":0},"end":{"line":73,"column":6}},"75":{"start":{"line":76,"column":0},"end":{"line":76,"column":35}},"76":{"start":{"line":77,"column":0},"end":{"line":77,"column":28}},"77":{"start":{"line":78,"column":0},"end":{"line":78,"column":29}},"78":{"start":{"line":79,"column":0},"end":{"line":79,"column":25}},"79":{"start":{"line":80,"column":0},"end":{"line":80,"column":19}},"80":{"start":{"line":81,"column":0},"end":{"line":81,"column":20}},"81":{"start":{"line":82,"column":0},"end":{"line":82,"column":22}},"82":{"start":{"line":83,"column":0},"end":{"line":83,"column":6}},"83":{"start":{"line":84,"column":0},"end":{"line":84,"column":3}},"88":{"start":{"line":89,"column":0},"end":{"line":89,"column":52}},"89":{"start":{"line":90,"column":0},"end":{"line":90,"column":39}},"90":{"start":{"line":91,"column":0},"end":{"line":91,"column":19}},"91":{"start":{"line":92,"column":0},"end":{"line":92,"column":5}},"93":{"start":{"line":94,"column":0},"end":{"line":94,"column":38}},"94":{"start":{"line":95,"column":0},"end":{"line":95,"column":18}},"95":{"start":{"line":96,"column":0},"end":{"line":96,"column":5}},"97":{"start":{"line":98,"column":0},"end":{"line":98,"column":40}},"98":{"start":{"line":99,"column":0},"end":{"line":99,"column":79}},"99":{"start":{"line":100,"column":0},"end":{"line":100,"column":5}},"101":{"start":{"line":102,"column":0},"end":{"line":102,"column":43}},"102":{"start":{"line":103,"column":0},"end":{"line":103,"column":44}},"103":{"start":{"line":104,"column":0},"end":{"line":104,"column":5}},"105":{"start":{"line":106,"column":0},"end":{"line":106,"column":17}},"106":{"start":{"line":107,"column":0},"end":{"line":107,"column":3}},"111":{"start":{"line":112,"column":0},"end":{"line":112,"column":46}},"112":{"start":{"line":113,"column":0},"end":{"line":113,"column":75}},"113":{"start":{"line":114,"column":0},"end":{"line":114,"column":3}},"118":{"start":{"line":119,"column":0},"end":{"line":119,"column":70}},"119":{"start":{"line":120,"column":0},"end":{"line":120,"column":40}},"120":{"start":{"line":121,"column":0},"end":{"line":121,"column":70}},"121":{"start":{"line":122,"column":0},"end":{"line":122,"column":5}},"123":{"start":{"line":124,"column":0},"end":{"line":124,"column":34}},"124":{"start":{"line":125,"column":0},"end":{"line":125,"column":42}},"125":{"start":{"line":126,"column":0},"end":{"line":126,"column":20}},"126":{"start":{"line":127,"column":0},"end":{"line":127,"column":37}},"127":{"start":{"line":128,"column":0},"end":{"line":128,"column":33}},"128":{"start":{"line":129,"column":0},"end":{"line":129,"column":35}},"129":{"start":{"line":130,"column":0},"end":{"line":130,"column":11}},"130":{"start":{"line":131,"column":0},"end":{"line":131,"column":73}},"131":{"start":{"line":132,"column":0},"end":{"line":132,"column":56}},"132":{"start":{"line":133,"column":0},"end":{"line":133,"column":6}},"134":{"start":{"line":135,"column":0},"end":{"line":135,"column":34}},"135":{"start":{"line":136,"column":0},"end":{"line":136,"column":22}},"136":{"start":{"line":137,"column":0},"end":{"line":137,"column":3}},"141":{"start":{"line":142,"column":0},"end":{"line":142,"column":90}},"142":{"start":{"line":143,"column":0},"end":{"line":143,"column":40}},"143":{"start":{"line":144,"column":0},"end":{"line":144,"column":13}},"144":{"start":{"line":145,"column":0},"end":{"line":145,"column":5}},"146":{"start":{"line":147,"column":0},"end":{"line":147,"column":44}},"147":{"start":{"line":148,"column":0},"end":{"line":148,"column":94}},"149":{"start":{"line":150,"column":0},"end":{"line":150,"column":34}},"150":{"start":{"line":151,"column":0},"end":{"line":151,"column":42}},"151":{"start":{"line":152,"column":0},"end":{"line":152,"column":12}},"152":{"start":{"line":153,"column":0},"end":{"line":153,"column":37}},"153":{"start":{"line":154,"column":0},"end":{"line":154,"column":33}},"154":{"start":{"line":155,"column":0},"end":{"line":155,"column":35}},"155":{"start":{"line":156,"column":0},"end":{"line":156,"column":11}},"156":{"start":{"line":157,"column":0},"end":{"line":157,"column":17}},"157":{"start":{"line":158,"column":0},"end":{"line":158,"column":15}},"158":{"start":{"line":159,"column":0},"end":{"line":159,"column":56}},"159":{"start":{"line":160,"column":0},"end":{"line":160,"column":6}},"161":{"start":{"line":162,"column":0},"end":{"line":162,"column":34}},"162":{"start":{"line":163,"column":0},"end":{"line":163,"column":3}},"167":{"start":{"line":168,"column":0},"end":{"line":168,"column":81}},"168":{"start":{"line":169,"column":0},"end":{"line":169,"column":40}},"169":{"start":{"line":170,"column":0},"end":{"line":170,"column":13}},"170":{"start":{"line":171,"column":0},"end":{"line":171,"column":5}},"172":{"start":{"line":173,"column":0},"end":{"line":173,"column":44}},"174":{"start":{"line":175,"column":0},"end":{"line":175,"column":34}},"175":{"start":{"line":176,"column":0},"end":{"line":176,"column":42}},"176":{"start":{"line":177,"column":0},"end":{"line":177,"column":21}},"177":{"start":{"line":178,"column":0},"end":{"line":178,"column":37}},"178":{"start":{"line":179,"column":0},"end":{"line":179,"column":33}},"179":{"start":{"line":180,"column":0},"end":{"line":180,"column":35}},"180":{"start":{"line":181,"column":0},"end":{"line":181,"column":11}},"181":{"start":{"line":182,"column":0},"end":{"line":182,"column":15}},"182":{"start":{"line":183,"column":0},"end":{"line":183,"column":27}},"183":{"start":{"line":184,"column":0},"end":{"line":184,"column":56}},"184":{"start":{"line":185,"column":0},"end":{"line":185,"column":6}},"186":{"start":{"line":187,"column":0},"end":{"line":187,"column":34}},"187":{"start":{"line":188,"column":0},"end":{"line":188,"column":3}},"192":{"start":{"line":193,"column":0},"end":{"line":193,"column":57}},"193":{"start":{"line":194,"column":0},"end":{"line":194,"column":76}},"194":{"start":{"line":195,"column":0},"end":{"line":195,"column":38}},"195":{"start":{"line":196,"column":0},"end":{"line":196,"column":38}},"196":{"start":{"line":197,"column":0},"end":{"line":197,"column":28}},"197":{"start":{"line":198,"column":0},"end":{"line":198,"column":68}},"198":{"start":{"line":199,"column":0},"end":{"line":199,"column":68}},"199":{"start":{"line":200,"column":0},"end":{"line":200,"column":64}},"201":{"start":{"line":202,"column":0},"end":{"line":202,"column":94}},"203":{"start":{"line":204,"column":0},"end":{"line":204,"column":34}},"204":{"start":{"line":205,"column":0},"end":{"line":205,"column":29}},"205":{"start":{"line":206,"column":0},"end":{"line":206,"column":40}},"206":{"start":{"line":207,"column":0},"end":{"line":207,"column":28}},"207":{"start":{"line":208,"column":0},"end":{"line":208,"column":12}},"208":{"start":{"line":209,"column":0},"end":{"line":209,"column":27}},"209":{"start":{"line":210,"column":0},"end":{"line":210,"column":5}},"212":{"start":{"line":213,"column":0},"end":{"line":213,"column":60}},"213":{"start":{"line":214,"column":0},"end":{"line":214,"column":86}},"214":{"start":{"line":215,"column":0},"end":{"line":215,"column":5}},"215":{"start":{"line":216,"column":0},"end":{"line":216,"column":3}},"220":{"start":{"line":221,"column":0},"end":{"line":221,"column":54}},"221":{"start":{"line":222,"column":0},"end":{"line":222,"column":30}},"222":{"start":{"line":223,"column":0},"end":{"line":223,"column":3}},"223":{"start":{"line":224,"column":0},"end":{"line":224,"column":1}}},"s":{"62":1,"63":0,"64":0,"66":0,"67":0,"68":0,"69":0,"70":0,"71":0,"72":0,"75":0,"76":0,"77":0,"78":0,"79":0,"80":0,"81":0,"82":0,"83":0,"88":0,"89":0,"90":0,"91":0,"93":0,"94":0,"95":0,"97":0,"98":0,"99":0,"101":0,"102":0,"103":0,"105":0,"106":0,"111":0,"112":0,"113":0,"118":0,"119":0,"120":0,"121":0,"123":0,"124":0,"125":0,"126":0,"127":0,"128":0,"129":0,"130":0,"131":0,"132":0,"134":0,"135":0,"136":0,"141":0,"142":0,"143":0,"144":0,"146":0,"147":0,"149":0,"150":0,"151":0,"152":0,"153":0,"154":0,"155":0,"156":0,"157":0,"158":0,"159":0,"161":0,"162":0,"167":0,"168":0,"169":0,"170":0,"172":0,"174":0,"175":0,"176":0,"177":0,"178":0,"179":0,"180":0,"181":0,"182":0,"183":0,"184":0,"186":0,"187":0,"192":0,"193":0,"194":0,"195":0,"196":0,"197":0,"198":0,"199":0,"201":0,"203":0,"204":0,"205":0,"206":0,"207":0,"208":0,"209":0,"212":0,"213":0,"214":0,"215":0,"220":0,"221":0,"222":0,"223":0},"branchMap":{"0":{"type":"branch","line":63,"loc":{"start":{"line":63,"column":25},"end":{"line":224,"column":1}},"locations":[{"start":{"line":63,"column":25},"end":{"line":224,"column":1}}]}},"b":{"0":[0]},"fnMap":{"0":{"name":"<instance_members_initializer>","decl":{"start":{"line":63,"column":25},"end":{"line":224,"column":1}},"loc":{"start":{"line":63,"column":25},"end":{"line":224,"column":1}},"line":63}},"f":{"0":0}}
[...]
,"/home/ansible/epics/bConnect-MCP/bconnect-endpoints-mcp/src/utils/rate-limiter.ts": {"path":"/home/ansible/epics/bConnect-MCP/bconnect-endpoints-mcp/src/utils/rate-limiter.ts","all":false,"statementMap":{"57":{"start":{"line":58,"column":0},"end":{"line":58,"column":26}},"58":{"start":{"line":59,"column":0},"end":{"line":59,"column":25}},"59":{"start":{"line":60,"column":0},"end":{"line":60,"column":33}},"60":{"start":{"line":61,"column":0},"end":{"line":61,"column":55}},"61":{"start":{"line":62,"column":0},"end":{"line":62,"column":64}},"63":{"start":{"line":64,"column":0},"end":{"line":64,"column":42}},"64":{"start":{"line":65,"column":0},"end":{"line":65,"column":19}},"65":{"start":{"line":66,"column":0},"end":{"line":66,"column":38}},"66":{"start":{"line":67,"column":0},"end":{"line":67,"column":32}},"67":{"start":{"line":68,"column":0},"end":{"line":68,"column":30}},"68":{"start":{"line":69,"column":0},"end":{"line":69,"column":80}},"69":{"start":{"line":70,"column":0},"end":{"line":70,"column":77}},"70":{"start":{"line":71,"column":0},"end":{"line":71,"column":6}},"73":{"start":{"line":74,"column":0},"end":{"line":74,"column":69}},"76":{"start":{"line":77,"column":0},"end":{"line":77,"column":42}},"77":{"start":{"line":78,"column":0},"end":{"line":78,"column":37}},"78":{"start":{"line":79,"column":0},"end":{"line":79,"column":3}},"83":{"start":{"line":84,"column":0},"end":{"line":84,"column":32}},"84":{"start":{"line":85,"column":0},"end":{"line":85,"column":27}},"85":{"start":{"line":86,"column":0},"end":{"line":86,"column":49}},"88":{"start":{"line":89,"column":0},"end":{"line":89,"column":53}},"89":{"start":{"line":90,"column":0},"end":{"line":90,"column":27}},"90":{"start":{"line":91,"column":0},"end":{"line":91,"column":52}},"91":{"start":{"line":92,"column":0},"end":{"line":92,"column":31}},"92":{"start":{"line":93,"column":0},"end":{"line":93,"column":6}},"94":{"start":{"line":95,"column":0},"end":{"line":95,"column":30}},"95":{"start":{"line":96,"column":0},"end":{"line":96,"column":3}},"101":{"start":{"line":102,"column":0},"end":{"line":102,"column":31}},"103":{"start":{"line":104,"column":0},"end":{"line":104,"column":31}},"104":{"start":{"line":105,"column":0},"end":{"line":105,"column":14}},"105":{"start":{"line":106,"column":0},"end":{"line":106,"column":43}},"106":{"start":{"line":107,"column":0},"end":{"line":107,"column":39}},"107":{"start":{"line":108,"column":0},"end":{"line":108,"column":21}},"108":{"start":{"line":109,"column":0},"end":{"line":109,"column":22}},"109":{"start":{"line":110,"column":0},"end":{"line":110,"column":8}},"110":{"start":{"line":111,"column":0},"end":{"line":111,"column":5}},"113":{"start":{"line":114,"column":0},"end":{"line":114,"column":24}},"116":{"start":{"line":117,"column":0},"end":{"line":117,"column":37}},"118":{"start":{"line":119,"column":0},"end":{"line":119,"column":18}},"120":{"start":{"line":121,"column":0},"end":{"line":121,"column":23}},"121":{"start":{"line":122,"column":0},"end":{"line":122,"column":5}},"124":{"start":{"line":125,"column":0},"end":{"line":125,"column":55}},"125":{"start":{"line":126,"column":0},"end":{"line":126,"column":64}},"127":{"start":{"line":128,"column":0},"end":{"line":128,"column":12}},"128":{"start":{"line":129,"column":0},"end":{"line":129,"column":41}},"129":{"start":{"line":130,"column":0},"end":{"line":130,"column":37}},"130":{"start":{"line":131,"column":0},"end":{"line":131,"column":16}},"131":{"start":{"line":132,"column":0},"end":{"line":132,"column":14}},"132":{"start":{"line":133,"column":0},"end":{"line":133,"column":6}},"133":{"start":{"line":134,"column":0},"end":{"line":134,"column":3}},"139":{"start":{"line":140,"column":0},"end":{"line":140,"column":31}},"140":{"start":{"line":141,"column":0},"end":{"line":141,"column":31}},"141":{"start":{"line":142,"column":0},"end":{"line":142,"column":14}},"142":{"start":{"line":143,"column":0},"end":{"line":143,"column":43}},"143":{"start":{"line":144,"column":0},"end":{"line":144,"column":39}},"144":{"start":{"line":145,"column":0},"end":{"line":145,"column":21}},"145":{"start":{"line":146,"column":0},"end":{"line":146,"column":22}},"146":{"start":{"line":147,"column":0},"end":{"line":147,"column":8}},"147":{"start":{"line":148,"column":0},"end":{"line":148,"column":5}},"150":{"start":{"line":151,"column":0},"end":{"line":151,"column":24}},"152":{"start":{"line":153,"column":0},"end":{"line":153,"column":37}},"153":{"start":{"line":154,"column":0},"end":{"line":154,"column":55}},"154":{"start":{"line":155,"column":0},"end":{"line":155,"column":64}},"156":{"start":{"line":157,"column":0},"end":{"line":157,"column":12}},"157":{"start":{"line":158,"column":0},"end":{"line":158,"column":41}},"158":{"start":{"line":159,"column":0},"end":{"line":159,"column":37}},"159":{"start":{"line":160,"column":0},"end":{"line":160,"column":16}},"160":{"start":{"line":161,"column":0},"end":{"line":161,"column":14}},"161":{"start":{"line":162,"column":0},"end":{"line":162,"column":6}},"162":{"start":{"line":163,"column":0},"end":{"line":163,"column":3}},"167":{"start":{"line":168,"column":0},"end":{"line":168,"column":17}},"168":{"start":{"line":169,"column":0},"end":{"line":169,"column":42}},"169":{"start":{"line":170,"column":0},"end":{"line":170,"column":37}},"170":{"start":{"line":171,"column":0},"end":{"line":171,"column":3}},"175":{"start":{"line":176,"column":0},"end":{"line":176,"column":54}},"176":{"start":{"line":177,"column":0},"end":{"line":177,"column":30}},"177":{"start":{"line":178,"column":0},"end":{"line":178,"column":3}},"178":{"start":{"line":179,"column":0},"end":{"line":179,"column":1}},"184":{"start":{"line":185,"column":0},"end":{"line":185,"column":43}},"185":{"start":{"line":186,"column":0},"end":{"line":186,"column":14}},"186":{"start":{"line":187,"column":0},"end":{"line":187,"column":20}},"187":{"start":{"line":188,"column":0},"end":{"line":188,"column":39}},"188":{"start":{"line":189,"column":0},"end":{"line":189,"column":5}},"189":{"start":{"line":190,"column":0},"end":{"line":190,"column":19}},"190":{"start":{"line":191,"column":0},"end":{"line":191,"column":33}},"191":{"start":{"line":192,"column":0},"end":{"line":192,"column":58}},"192":{"start":{"line":193,"column":0},"end":{"line":193,"column":3}},"193":{"start":{"line":194,"column":0},"end":{"line":194,"column":1}}},"s":{"57":1,"58":0,"59":0,"60":0,"61":0,"63":0,"64":0,"65":0,"66":0,"67":0,"68":0,"69":0,"70":0,"73":0,"76":0,"77":0,"78":0,"83":0,"84":0,"85":0,"88":0,"89":0,"90":0,"91":0,"92":0,"94":0,"95":0,"101":0,"103":0,"104":0,"105":0,"106":0,"107":0,"108":0,"109":0,"110":0,"113":0,"116":0,"118":0,"120":0,"121":0,"124":0,"125":0,"127":0,"128":0,"129":0,"130":0,"131":0,"132":0,"133":0,"139":0,"140":0,"141":0,"142":0,"143":0,"144":0,"145":0,"146":0,"147":0,"150":0,"152":0,"153":0,"154":0,"156":0,"157":0,"158":0,"159":0,"160":0,"161":0,"162":0,"167":0,"168":0,"169":0,"170":0,"175":0,"176":0,"177":0,"178":0,"184":1,"185":1,"186":0,"187":0,"188":0,"189":0,"190":0,"191":0,"192":0,"193":1},"branchMap":{"0":{"type":"branch","line":58,"loc":{"start":{"line":58,"column":25},"end":{"line":179,"column":1}},"locations":[{"start":{"line":58,"column":25},"end":{"line":179,"column":1}}]}},"b":{"0":[0]},"fnMap":{"0":{"name":"<instance_members_initializer>","decl":{"start":{"line":58,"column":25},"end":{"line":179,"column":1}},"loc":{"start":{"line":58,"column":25},"end":{"line":179,"column":1}},"line":58},"1":{"name":"RateLimitError","decl":{"start":{"line":186,"column":2},"end":{"line":193,"column":3}},"loc":{"start":{"line":186,"column":2},"end":{"line":193,"column":3}},"line":186}},"f":{"0":0,"1":0}}
,"/home/ansible/epics/bConnect-MCP/bconnect-endpoints-mcp/src/utils/response-cache.ts": {"path":"/home/ansible/epics/bConnect-MCP/bconnect-endpoints-mcp/src/utils/response-cache.ts","all":false,"statementMap":{"52":{"start":{"line":53,"column":0},"end":{"line":53,"column":28}},"53":{"start":{"line":54,"column":0},"end":{"line":54,"column":46}},"54":{"start":{"line":55,"column":0},"end":{"line":55,"column":57}},"55":{"start":{"line":56,"column":0},"end":{"line":56,"column":28}},"57":{"start":{"line":58,"column":0},"end":{"line":58,"column":44}},"58":{"start":{"line":59,"column":0},"end":{"line":59,"column":19}},"59":{"start":{"line":60,"column":0},"end":{"line":60,"column":30}},"60":{"start":{"line":61,"column":0},"end":{"line":61,"column":37}},"61":{"start":{"line":62,"column":0},"end":{"line":62,"column":79}},"62":{"start":{"line":63,"column":0},"end":{"line":63,"column":68}},"63":{"start":{"line":64,"column":0},"end":{"line":64,"column":6}},"65":{"start":{"line":66,"column":0},"end":{"line":66,"column":27}},"66":{"start":{"line":67,"column":0},"end":{"line":67,"column":18}},"67":{"start":{"line":68,"column":0},"end":{"line":68,"column":14}},"68":{"start":{"line":69,"column":0},"end":{"line":69,"column":16}},"69":{"start":{"line":70,"column":0},"end":{"line":70,"column":14}},"70":{"start":{"line":71,"column":0},"end":{"line":71,"column":35}},"71":{"start":{"line":72,"column":0},"end":{"line":72,"column":6}},"72":{"start":{"line":73,"column":0},"end":{"line":73,"column":3}},"77":{"start":{"line":78,"column":0},"end":{"line":78,"column":74}},"78":{"start":{"line":79,"column":0},"end":{"line":79,"column":59}},"79":{"start":{"line":80,"column":0},"end":{"line":80,"column":57}},"80":{"start":{"line":81,"column":0},"end":{"line":81,"column":3}},"85":{"start":{"line":86,"column":0},"end":{"line":86,"column":54}},"86":{"start":{"line":87,"column":0},"end":{"line":87,"column":32}},"87":{"start":{"line":88,"column":0},"end":{"line":88,"column":36}},"88":{"start":{"line":89,"column":0},"end":{"line":89,"column":5}},"89":{"start":{"line":90,"column":0},"end":{"line":90,"column":40}},"90":{"start":{"line":91,"column":0},"end":{"line":91,"column":3}},"95":{"start":{"line":96,"column":0},"end":{"line":96,"column":32}},"96":{"start":{"line":97,"column":0},"end":{"line":97,"column":27}},"97":{"start":{"line":98,"column":0},"end":{"line":98,"column":54}},"98":{"start":{"line":99,"column":0},"end":{"line":99,"column":34}},"99":{"start":{"line":100,"column":0},"end":{"line":100,"column":31}},"100":{"start":{"line":101,"column":0},"end":{"line":101,"column":7}},"101":{"start":{"line":102,"column":0},"end":{"line":102,"column":5}},"102":{"start":{"line":103,"column":0},"end":{"line":103,"column":38}},"103":{"start":{"line":104,"column":0},"end":{"line":104,"column":3}},"108":{"start":{"line":109,"column":0},"end":{"line":109,"column":31}},"110":{"start":{"line":111,"column":0},"end":{"line":111,"column":52}},"111":{"start":{"line":112,"column":0},"end":{"line":112,"column":19}},"112":{"start":{"line":113,"column":0},"end":{"line":113,"column":34}},"113":{"start":{"line":114,"column":0},"end":{"line":114,"column":40}},"114":{"start":{"line":115,"column":0},"end":{"line":115,"column":5}},"115":{"start":{"line":116,"column":0},"end":{"line":116,"column":3}},"120":{"start":{"line":121,"column":0},"end":{"line":121,"column":40}},"121":{"start":{"line":122,"column":0},"end":{"line":122,"column":31}},"122":{"start":{"line":123,"column":0},"end":{"line":123,"column":19}},"123":{"start":{"line":124,"column":0},"end":{"line":124,"column":5}},"125":{"start":{"line":126,"column":0},"end":{"line":126,"column":30}},"126":{"start":{"line":127,"column":0},"end":{"line":127,"column":44}},"127":{"start":{"line":128,"column":0},"end":{"line":128,"column":5}},"129":{"start":{"line":130,"column":0},"end":{"line":130,"column":16}},"130":{"start":{"line":131,"column":0},"end":{"line":131,"column":3}},"135":{"start":{"line":136,"column":0},"end":{"line":136,"column":63}},"136":{"start":{"line":137,"column":0},"end":{"line":137,"column":31}},"137":{"start":{"line":138,"column":0},"end":{"line":138,"column":18}},"138":{"start":{"line":139,"column":0},"end":{"line":139,"column":5}},"140":{"start":{"line":141,"column":0},"end":{"line":141,"column":54}},"141":{"start":{"line":142,"column":0},"end":{"line":142,"column":38}},"143":{"start":{"line":144,"column":0},"end":{"line":144,"column":17}},"144":{"start":{"line":145,"column":0},"end":{"line":145,"column":26}},"145":{"start":{"line":146,"column":0},"end":{"line":146,"column":18}},"146":{"start":{"line":147,"column":0},"end":{"line":147,"column":5}},"149":{"start":{"line":150,"column":0},"end":{"line":150,"column":32}},"150":{"start":{"line":151,"column":0},"end":{"line":151,"column":29}},"151":{"start":{"line":152,"column":0},"end":{"line":152,"column":40}},"152":{"start":{"line":153,"column":0},"end":{"line":153,"column":26}},"153":{"start":{"line":154,"column":0},"end":{"line":154,"column":18}},"154":{"start":{"line":155,"column":0},"end":{"line":155,"column":5}},"157":{"start":{"line":158,"column":0},"end":{"line":158,"column":27}},"158":{"start":{"line":159,"column":0},"end":{"line":159,"column":31}},"160":{"start":{"line":161,"column":0},"end":{"line":161,"column":22}},"161":{"start":{"line":162,"column":0},"end":{"line":162,"column":27}},"162":{"start":{"line":163,"column":0},"end":{"line":163,"column":3}},"167":{"start":{"line":168,"column":0},"end":{"line":168,"column":68}},"168":{"start":{"line":169,"column":0},"end":{"line":169,"column":60}},"169":{"start":{"line":170,"column":0},"end":{"line":170,"column":13}},"170":{"start":{"line":171,"column":0},"end":{"line":171,"column":5}},"172":{"start":{"line":173,"column":0},"end":{"line":173,"column":54}},"173":{"start":{"line":174,"column":0},"end":{"line":174,"column":27}},"175":{"start":{"line":176,"column":0},"end":{"line":176,"column":34}},"176":{"start":{"line":177,"column":0},"end":{"line":177,"column":11}},"177":{"start":{"line":178,"column":0},"end":{"line":178,"column":21}},"178":{"start":{"line":179,"column":0},"end":{"line":179,"column":87}},"179":{"start":{"line":180,"column":0},"end":{"line":180,"column":6}},"182":{"start":{"line":183,"column":0},"end":{"line":183,"column":24}},"185":{"start":{"line":186,"column":0},"end":{"line":186,"column":73}},"186":{"start":{"line":187,"column":0},"end":{"line":187,"column":25}},"187":{"start":{"line":188,"column":0},"end":{"line":188,"column":5}},"190":{"start":{"line":191,"column":0},"end":{"line":191,"column":30}},"191":{"start":{"line":192,"column":0},"end":{"line":192,"column":29}},"192":{"start":{"line":193,"column":0},"end":{"line":193,"column":5}},"194":{"start":{"line":195,"column":0},"end":{"line":195,"column":31}},"195":{"start":{"line":196,"column":0},"end":{"line":196,"column":38}},"196":{"start":{"line":197,"column":0},"end":{"line":197,"column":3}},"201":{"start":{"line":202,"column":0},"end":{"line":202,"column":17}},"202":{"start":{"line":203,"column":0},"end":{"line":203,"column":23}},"203":{"start":{"line":204,"column":0},"end":{"line":204,"column":24}},"204":{"start":{"line":205,"column":0},"end":{"line":205,"column":26}},"205":{"start":{"line":206,"column":0},"end":{"line":206,"column":24}},"206":{"start":{"line":207,"column":0},"end":{"line":207,"column":3}},"211":{"start":{"line":212,"column":0},"end":{"line":212,"column":66}},"212":{"start":{"line":213,"column":0},"end":{"line":213,"column":54}},"213":{"start":{"line":214,"column":0},"end":{"line":214,"column":43}},"214":{"start":{"line":215,"column":0},"end":{"line":215,"column":18}},"215":{"start":{"line":216,"column":0},"end":{"line":216,"column":40}},"216":{"start":{"line":217,"column":0},"end":{"line":217,"column":5}},"217":{"start":{"line":218,"column":0},"end":{"line":218,"column":19}},"218":{"start":{"line":219,"column":0},"end":{"line":219,"column":3}},"223":{"start":{"line":224,"column":0},"end":{"line":224,"column":48}},"224":{"start":{"line":225,"column":0},"end":{"line":225,"column":18}},"225":{"start":{"line":226,"column":0},"end":{"line":226,"column":42}},"230":{"start":{"line":231,"column":0},"end":{"line":231,"column":41}},"231":{"start":{"line":232,"column":0},"end":{"line":232,"column":37}},"232":{"start":{"line":233,"column":0},"end":{"line":233,"column":51}},"233":{"start":{"line":234,"column":0},"end":{"line":234,"column":44}},"234":{"start":{"line":235,"column":0},"end":{"line":235,"column":50}},"235":{"start":{"line":236,"column":0},"end":{"line":236,"column":53}},"236":{"start":{"line":237,"column":0},"end":{"line":237,"column":30}},"237":{"start":{"line":238,"column":0},"end":{"line":238,"column":31}},"238":{"start":{"line":239,"column":0},"end":{"line":239,"column":16}},"239":{"start":{"line":240,"column":0},"end":{"line":240,"column":7}},"240":{"start":{"line":241,"column":0},"end":{"line":241,"column":5}},"241":{"start":{"line":242,"column":0},"end":{"line":242,"column":38}},"242":{"start":{"line":243,"column":0},"end":{"line":243,"column":17}},"243":{"start":{"line":244,"column":0},"end":{"line":244,"column":3}},"248":{"start":{"line":249,"column":0},"end":{"line":249,"column":26}},"249":{"start":{"line":250,"column":0},"end":{"line":250,"column":29}},"250":{"start":{"line":251,"column":0},"end":{"line":251,"column":3}},"255":{"start":{"line":256,"column":0},"end":{"line":256,"column":56}},"256":{"start":{"line":257,"column":0},"end":{"line":257,"column":30}},"257":{"start":{"line":258,"column":0},"end":{"line":258,"column":3}},"262":{"start":{"line":263,"column":0},"end":{"line":263,"column":24}},"263":{"start":{"line":264,"column":0},"end":{"line":264,"column":54}},"264":{"start":{"line":265,"column":0},"end":{"line":265,"column":51}},"265":{"start":{"line":266,"column":0},"end":{"line":266,"column":3}},"266":{"start":{"line":267,"column":0},"end":{"line":267,"column":1}}},"s":{"52":1,"53":0,"54":0,"55":0,"57":0,"58":0,"59":0,"60":0,"61":0,"62":0,"63":0,"65":0,"66":0,"67":0,"68":0,"69":0,"70":0,"71":0,"72":0,"77":0,"78":0,"79":0,"80":0,"85":0,"86":0,"87":0,"88":0,"89":0,"90":0,"95":0,"96":0,"97":0,"98":0,"99":0,"100":0,"101":0,"102":0,"103":0,"108":0,"110":0,"111":0,"112":0,"113":0,"114":0,"115":0,"120":0,"121":0,"122":0,"123":0,"125":0,"126":0,"127":0,"129":0,"130":0,"135":0,"136":0,"137":0,"138":0,"140":0,"141":0,"143":0,"144":0,"145":0,"146":0,"149":0,"150":0,"151":0,"152":0,"153":0,"154":0,"157":0,"158":0,"160":0,"161":0,"162":0,"167":0,"168":0,"169":0,"170":0,"172":0,"173":0,"175":0,"176":0,"177":0,"178":0,"179":0,"182":0,"185":0,"186":0,"187":0,"190":0,"191":0,"192":0,"194":0,"195":0,"196":0,"201":0,"202":0,"203":0,"204":0,"205":0,"206":0,"211":0,"212":0,"213":0,"214":0,"215":0,"216":0,"217":0,"218":0,"223":0,"224":0,"225":0,"230":0,"231":0,"232":0,"233":0,"234":0,"235":0,"236":0,"237":0,"238":0,"239":0,"240":0,"241":0,"242":0,"243":0,"248":0,"249":0,"250":0,"255":0,"256":0,"257":0,"262":0,"263":0,"264":0,"265":0,"266":0},"branchMap":{"0":{"type":"branch","line":53,"loc":{"start":{"line":53,"column":27},"end":{"line":267,"column":1}},"locations":[{"start":{"line":53,"column":27},"end":{"line":267,"column":1}}]}},"b":{"0":[0]},"fnMap":{"0":{"name":"<instance_members_initializer>","decl":{"start":{"line":53,"column":27},"end":{"line":267,"column":1}},"loc":{"start":{"line":53,"column":27},"end":{"line":267,"column":1}},"line":53}},"f":{"0":0}}
}
